1741079360.7239246 [INFO] [launch]: All log files can be found below /home/pinky/.ros/log/2025-03-04-18-09-20-718937-raspi-2314
1741079360.7241395 [INFO] [launch]: Default logging verbosity is set to INFO
1741079361.2288048 [INFO] [robot_state_publisher-1]: process started with pid [2318]
1741079361.2303326 [INFO] [sllidar_node-2]: process started with pid [2319]
1741079361.2313848 [INFO] [icm20948_node-3]: process started with pid [2320]
1741079361.2319279 [INFO] [pinky_bringup-4]: process started with pid [2321]
1741079361.2331800 [INFO] [pinky_battery_publiser-5]: process started with pid [2322]
1741079362.2919183 [pinky_bringup-4] [INFO] [1741079362.291557145] [pinky_bringup]: pinky is ready!!
1741079414.4817162 [WARNING] [launch]: user interrupted with ctrl-c (SIGINT)
1741079414.4894016 [pinky_battery_publiser-5] Traceback (most recent call last):
1741079414.4896469 [pinky_battery_publiser-5]   File "/home/pinky/pinky_violet/install/pinky_bringup/lib/pinky_bringup/pinky_battery_publiser", line 33, in <module>
1741079414.4897931 [pinky_battery_publiser-5]     sys.exit(load_entry_point('pinky-bringup==0.0.0', 'console_scripts', 'pinky_battery_publiser')())
1741079414.4898968 [pinky_battery_publiser-5]              ^^^^^^^^^^^^^^^^^^^^^^^^^^^^^^^^^^^^^^^^^^^^^^^^^^^^^^^^^^^^^^^^^^^^^^^^^^^^^^^^^^^^^^^
1741079414.4899774 [pinky_battery_publiser-5]   File "/home/pinky/pinky_violet/install/pinky_bringup/lib/python3.12/site-packages/pinky_bringup/pinky_battery_publiser.py", line 30, in main
1741079414.4907277 [icm20948_node-3] Traceback (most recent call last):
1741079414.4909439 [icm20948_node-3]   File "/home/pinky/pinky_violet/install/ros2_icm20948/lib/ros2_icm20948/icm20948_node", line 33, in <module>
1741079414.4910831 [icm20948_node-3]     sys.exit(load_entry_point('ros2-icm20948==0.0.1', 'console_scripts', 'icm20948_node')())
1741079414.4911981 [icm20948_node-3]              ^^^^^^^^^^^^^^^^^^^^^^^^^^^^^^^^^^^^^^^^^^^^^^^^^^^^^^^^^^^^^^^^^^^^^^^^^^^^^^
1741079414.4916918 [icm20948_node-3]   File "/home/pinky/pinky_violet/install/ros2_icm20948/lib/python3.12/site-packages/ros2_icm20948/icm20948_node.py", line 78, in main
1741079414.4920378 [icm20948_node-3]     rclpy.spin(icm20948_node)
1741079414.4921894 [icm20948_node-3]   File "/opt/ros/jazzy/lib/python3.12/site-packages/rclpy/__init__.py", line 244, in spin
1741079414.4924054 [icm20948_node-3]     executor.spin_once()
1741079414.4926474 [icm20948_node-3]   File "/opt/ros/jazzy/lib/python3.12/site-packages/rclpy/executors.py", line 827, in spin_once
1741079414.4935889 [pinky_battery_publiser-5]     rclpy.spin(publisher)
1741079414.4940164 [pinky_battery_publiser-5]   File "/opt/ros/jazzy/lib/python3.12/site-packages/rclpy/__init__.py", line 244, in spin
1741079414.4942503 [pinky_battery_publiser-5]     executor.spin_once()
1741079414.4947851 [pinky_battery_publiser-5]   File "/opt/ros/jazzy/lib/python3.12/site-packages/rclpy/executors.py", line 827, in spin_once
1741079414.4958396 [pinky_battery_publiser-5]     self._spin_once_impl(timeout_sec)
1741079414.4961348 [pinky_battery_publiser-5]   File "/opt/ros/jazzy/lib/python3.12/site-packages/rclpy/executors.py", line 811, in _spin_once_impl
1741079414.4963224 [pinky_battery_publiser-5]     handler, entity, node = self.wait_for_ready_callbacks(
1741079414.4966848 [pinky_battery_publiser-5]                             ^^^^^^^^^^^^^^^^^^^^^^^^^^^^^^
1741079414.4968653 [pinky_battery_publiser-5]   File "/opt/ros/jazzy/lib/python3.12/site-packages/rclpy/executors.py", line 781, in wait_for_ready_callbacks
1741079414.4970078 [pinky_battery_publiser-5]     return next(self._cb_iter)
1741079414.4971414 [pinky_battery_publiser-5]            ^^^^^^^^^^^^^^^^^^^
1741079414.4972630 [pinky_battery_publiser-5]   File "/opt/ros/jazzy/lib/python3.12/site-packages/rclpy/executors.py", line 685, in _wait_for_ready_callbacks
1741079414.4976676 [pinky_battery_publiser-5]     wait_set.wait(timeout_nsec)
1741079414.4978957 [pinky_battery_publiser-5] KeyboardInterrupt
1741079414.4989426 [icm20948_node-3]     self._spin_once_impl(timeout_sec)
1741079414.4992750 [icm20948_node-3]   File "/opt/ros/jazzy/lib/python3.12/site-packages/rclpy/executors.py", line 811, in _spin_once_impl
1741079414.5001678 [icm20948_node-3]     handler, entity, node = self.wait_for_ready_callbacks(
1741079414.5007908 [icm20948_node-3]                             ^^^^^^^^^^^^^^^^^^^^^^^^^^^^^^
1741079414.5009997 [icm20948_node-3]   File "/opt/ros/jazzy/lib/python3.12/site-packages/rclpy/executors.py", line 781, in wait_for_ready_callbacks
1741079414.5020883 [icm20948_node-3]     return next(self._cb_iter)
1741079414.5029507 [icm20948_node-3]            ^^^^^^^^^^^^^^^^^^^
1741079414.5035710 [icm20948_node-3]   File "/opt/ros/jazzy/lib/python3.12/site-packages/rclpy/executors.py", line 685, in _wait_for_ready_callbacks
1741079414.5043662 [icm20948_node-3]     wait_set.wait(timeout_nsec)
1741079414.5046523 [icm20948_node-3] KeyboardInterrupt
1741079414.6201026 [pinky_bringup-4] Traceback (most recent call last):
1741079414.6206846 [pinky_bringup-4]   File "/home/pinky/pinky_violet/install/pinky_bringup/lib/pinky_bringup/pinky_bringup", line 33, in <module>
1741079414.6209078 [pinky_bringup-4]     sys.exit(load_entry_point('pinky-bringup==0.0.0', 'console_scripts', 'pinky_bringup')())
1741079414.6210816 [pinky_bringup-4]              ^^^^^^^^^^^^^^^^^^^^^^^^^^^^^^^^^^^^^^^^^^^^^^^^^^^^^^^^^^^^^^^^^^^^^^^^^^^^^^
1741079414.6242383 [pinky_bringup-4]   File "/home/pinky/pinky_violet/install/pinky_bringup/lib/python3.12/site-packages/pinky_bringup/pinky_bringup.py", line 86, in main
1741079414.6268165 [pinky_bringup-4]     rclpy.shutdown()
1741079414.6277745 [pinky_bringup-4]   File "/opt/ros/jazzy/lib/python3.12/site-packages/rclpy/__init__.py", line 134, in shutdown
1741079414.6287696 [pinky_bringup-4]     _shutdown(context=context)
1741079414.6307700 [pinky_bringup-4]   File "/opt/ros/jazzy/lib/python3.12/site-packages/rclpy/utilities.py", line 82, in shutdown
1741079414.6322627 [pinky_bringup-4]     context.shutdown()
1741079414.6388388 [WARNING] [launch]: user interrupted with ctrl-c (SIGINT) again, ignoring...
1741079414.6402099 [pinky_bringup-4]   File "/home/pinky/pinky_violet/install/pinky_bringup/lib/python3.12/site-packages/pinky_bringup/pinky_bringup.py", line 86, in main
1741079414.6439180 [pinky_bringup-4]     rclpy.shutdown()
1741079414.6442826 [pinky_bringup-4]   File "/opt/ros/jazzy/lib/python3.12/site-packages/rclpy/__init__.py", line 134, in shutdown
1741079414.6446409 [pinky_bringup-4]     _shutdown(context=context)
1741079414.6448193 [pinky_bringup-4]   File "/opt/ros/jazzy/lib/python3.12/site-packages/rclpy/utilities.py", line 82, in shutdown
1741079414.6450236 [pinky_bringup-4]     context.shutdown()
1741079414.6452379 [pinky_bringup-4]   File "/opt/ros/jazzy/lib/python3.12/site-packages/rclpy/context.py", line 129, in shutdown
1741079414.6460106 [pinky_bringup-4]     self.__context.shutdown()
1741079414.6468437 [pinky_bringup-4] rclpy._rclpy_pybind11.RCLError: failed to shutdown: rcl_shutdown already called on the given context, at ./src/rcl/init.c:333
1741079414.6480420 [ERROR] [robot_state_publisher-1]: process has died [pid 2318, exit code -2, cmd '/opt/ros/jazzy/lib/robot_state_publisher/robot_state_publisher --ros-args -r __node:=robot_state_publisher --params-file /tmp/launch_params_l1vcdau6 --params-file /tmp/launch_params_fdm77grm'].
1741079414.6483274 [ERROR] [pinky_battery_publiser-5]: process has died [pid 2322, exit code -2, cmd '/home/pinky/pinky_violet/install/pinky_bringup/lib/pinky_bringup/pinky_battery_publiser --ros-args'].
1741079414.6486428 [ERROR] [icm20948_node-3]: process has died [pid 2320, exit code -2, cmd '/home/pinky/pinky_violet/install/ros2_icm20948/lib/ros2_icm20948/icm20948_node --ros-args -r __node:=icm20948_node --params-file /tmp/launch_params_cv22xgc1 --params-file /tmp/launch_params_m0f9a7gw --params-file /tmp/launch_params_888es5ru'].
1741079414.6487846 [ERROR] [sllidar_node-2]: process has died [pid 2319, exit code -2, cmd '/home/pinky/pinky_violet/install/sllidar_ros2/lib/sllidar_ros2/sllidar_node --ros-args -r __node:=sllidar_node --params-file /tmp/launch_params_3qbkoczv'].
1741079414.6494005 [ERROR] [pinky_bringup-4]: process has died [pid 2321, exit code -2, cmd '/home/pinky/pinky_violet/install/pinky_bringup/lib/pinky_bringup/pinky_bringup --ros-args --params-file /tmp/launch_params__nb3jbjy'].
