1741077349.4540188 [INFO] [launch]: All log files can be found below /home/pinky/.ros/log/2025-03-04-17-35-49-451174-raspi-5323
1741077349.4544911 [INFO] [launch]: Default logging verbosity is set to INFO
1741077350.3793392 [INFO] [robot_state_publisher-1]: process started with pid [5327]
1741077350.3797581 [INFO] [sllidar_node-2]: process started with pid [5328]
1741077350.3800004 [INFO] [icm20948_node-3]: process started with pid [5329]
1741077350.3801847 [INFO] [pinky_bringup-4]: process started with pid [5330]
1741077350.3802891 [INFO] [pinky_battery_publiser-5]: process started with pid [5331]
1741077353.8019495 [pinky_bringup-4] [INFO] [1741077353.801444598] [pinky_bringup]: pinky is ready!!
1741077551.3114543 [WARNING] [launch]: user interrupted with ctrl-c (SIGINT)
1741077551.3378370 [icm20948_node-3] Traceback (most recent call last):
1741077551.3380725 [icm20948_node-3]   File "/home/pinky/pinky_violet/install/ros2_icm20948/lib/ros2_icm20948/icm20948_node", line 33, in <module>
1741077551.3381517 [icm20948_node-3]     sys.exit(load_entry_point('ros2-icm20948==0.0.1', 'console_scripts', 'icm20948_node')())
1741077551.3382237 [icm20948_node-3]              ^^^^^^^^^^^^^^^^^^^^^^^^^^^^^^^^^^^^^^^^^^^^^^^^^^^^^^^^^^^^^^^^^^^^^^^^^^^^^^
1741077551.3382792 [icm20948_node-3]   File "/home/pinky/pinky_violet/install/ros2_icm20948/lib/python3.12/site-packages/ros2_icm20948/icm20948_node.py", line 78, in main
1741077551.3383427 [icm20948_node-3]     rclpy.spin(icm20948_node)
1741077551.3383954 [icm20948_node-3]   File "/opt/ros/jazzy/lib/python3.12/site-packages/rclpy/__init__.py", line 244, in spin
1741077551.3384459 [icm20948_node-3]     executor.spin_once()
1741077551.3384988 [icm20948_node-3]   File "/opt/ros/jazzy/lib/python3.12/site-packages/rclpy/executors.py", line 827, in spin_once
1741077551.3385553 [icm20948_node-3]     self._spin_once_impl(timeout_sec)
1741077551.3386114 [icm20948_node-3]   File "/opt/ros/jazzy/lib/python3.12/site-packages/rclpy/executors.py", line 811, in _spin_once_impl
1741077551.3392072 [pinky_battery_publiser-5] Traceback (most recent call last):
1741077551.3393226 [pinky_battery_publiser-5]   File "/home/pinky/pinky_violet/install/pinky_bringup/lib/pinky_bringup/pinky_battery_publiser", line 33, in <module>
1741077551.3394120 [pinky_battery_publiser-5]     sys.exit(load_entry_point('pinky-bringup==0.0.0', 'console_scripts', 'pinky_battery_publiser')())
1741077551.3394771 [pinky_battery_publiser-5]              ^^^^^^^^^^^^^^^^^^^^^^^^^^^^^^^^^^^^^^^^^^^^^^^^^^^^^^^^^^^^^^^^^^^^^^^^^^^^^^^^^^^^^^^
1741077551.3395412 [pinky_battery_publiser-5]   File "/home/pinky/pinky_violet/install/pinky_bringup/lib/python3.12/site-packages/pinky_bringup/pinky_battery_publiser.py", line 30, in main
1741077551.3459284 [pinky_battery_publiser-5]     rclpy.spin(publisher)
1741077551.3461256 [pinky_battery_publiser-5]   File "/opt/ros/jazzy/lib/python3.12/site-packages/rclpy/__init__.py", line 244, in spin
1741077551.3461981 [pinky_battery_publiser-5]     executor.spin_once()
1741077551.3462620 [pinky_battery_publiser-5]   File "/opt/ros/jazzy/lib/python3.12/site-packages/rclpy/executors.py", line 827, in spin_once
1741077551.3463175 [pinky_battery_publiser-5]     self._spin_once_impl(timeout_sec)
1741077551.3463786 [pinky_battery_publiser-5]   File "/opt/ros/jazzy/lib/python3.12/site-packages/rclpy/executors.py", line 811, in _spin_once_impl
1741077551.3464394 [pinky_battery_publiser-5]     handler, entity, node = self.wait_for_ready_callbacks(
1741077551.3464944 [pinky_battery_publiser-5]                             ^^^^^^^^^^^^^^^^^^^^^^^^^^^^^^
1741077551.3465497 [pinky_battery_publiser-5]   File "/opt/ros/jazzy/lib/python3.12/site-packages/rclpy/executors.py", line 781, in wait_for_ready_callbacks
1741077551.3466041 [pinky_battery_publiser-5]     return next(self._cb_iter)
1741077551.3466828 [pinky_battery_publiser-5]            ^^^^^^^^^^^^^^^^^^^
1741077551.3471489 [icm20948_node-3]     handler, entity, node = self.wait_for_ready_callbacks(
1741077551.3472633 [icm20948_node-3]                             ^^^^^^^^^^^^^^^^^^^^^^^^^^^^^^
1741077551.3473592 [icm20948_node-3]   File "/opt/ros/jazzy/lib/python3.12/site-packages/rclpy/executors.py", line 781, in wait_for_ready_callbacks
1741077551.3474195 [icm20948_node-3]     return next(self._cb_iter)
1741077551.3474724 [icm20948_node-3]            ^^^^^^^^^^^^^^^^^^^
1741077551.3475237 [icm20948_node-3]   File "/opt/ros/jazzy/lib/python3.12/site-packages/rclpy/executors.py", line 685, in _wait_for_ready_callbacks
1741077551.3475733 [icm20948_node-3]     wait_set.wait(timeout_nsec)
1741077551.3478138 [icm20948_node-3] KeyboardInterrupt
1741077551.3585613 [pinky_battery_publiser-5]   File "/opt/ros/jazzy/lib/python3.12/site-packages/rclpy/executors.py", line 685, in _wait_for_ready_callbacks
1741077551.3622723 [pinky_battery_publiser-5]     wait_set.wait(timeout_nsec)
1741077551.3648524 [pinky_battery_publiser-5] KeyboardInterrupt
1741077551.4954720 [WARNING] [launch]: user interrupted with ctrl-c (SIGINT) again, ignoring...
1741077551.5249419 [pinky_bringup-4] Traceback (most recent call last):
1741077551.5289066 [pinky_bringup-4]   File "/home/pinky/pinky_violet/install/pinky_bringup/lib/pinky_bringup/pinky_bringup", line 33, in <module>
1741077551.5320292 [pinky_bringup-4]     sys.exit(load_entry_point('pinky-bringup==0.0.0', 'console_scripts', 'pinky_bringup')())
1741077551.5376697 [pinky_bringup-4]              ^^^^^^^^^^^^^^^^^^^^^^^^^^^^^^^^^^^^^^^^^^^^^^^^^^^^^^^^^^^^^^^^^^^^^^^^^^^^^^
1741077551.5460002 [pinky_bringup-4]   File "/home/pinky/pinky_violet/install/pinky_bringup/lib/python3.12/site-packages/pinky_bringup/pinky_bringup.py", line 86, in main
1741077551.5524185 [pinky_bringup-4]     rclpy.shutdown()
1741077551.5526557 [pinky_bringup-4]   File "/opt/ros/jazzy/lib/python3.12/site-packages/rclpy/__init__.py", line 134, in shutdown
1741077551.5528119 [pinky_bringup-4]     _shutdown(context=context)
1741077551.5529103 [pinky_bringup-4]   File "/opt/ros/jazzy/lib/python3.12/site-packages/rclpy/utilities.py", line 82, in shutdown
1741077551.5529995 [pinky_bringup-4]     context.shutdown()
1741077551.5531075 [pinky_bringup-4]   File "/opt/ros/jazzy/lib/python3.12/site-packages/rclpy/context.py", line 129, in shutdown
1741077551.5532038 [pinky_bringup-4]     self.__context.shutdown()
1741077551.5538332 [pinky_bringup-4] rclpy._rclpy_pybind11.RCLError: failed to shutdown: rcl_shutdown already called on the given context, at ./src/rcl/init.c:333
1741077551.5842459 [pinky_bringup-4] Error in sys.excepthook:
1741077551.5845110 [pinky_bringup-4] Traceback (most recent call last):
1741077551.5877097 [pinky_bringup-4]   File "/usr/lib/python3/dist-packages/apport_python_hook.py", line 228, in partial_apport_excepthook
1741077551.5879626 [pinky_bringup-4]     return apport_excepthook(binary, exc_type, exc_obj, exc_tb)
1741077551.5880713 [pinky_bringup-4]            ^^^^^^^^^^^^^^^^^^^^^^^^^^^^^^^^^^^^^^^^^^^^^^^^^^^^
1741077551.5881689 [pinky_bringup-4]   File "/usr/lib/python3/dist-packages/apport_python_hook.py", line 66, in apport_excepthook
1741077551.5882726 [pinky_bringup-4]     import apport.report
1741077551.5883820 [pinky_bringup-4]   File "/usr/lib/python3/dist-packages/apport/__init__.py", line 7, in <module>
1741077551.5884840 [pinky_bringup-4]     from apport.packaging_impl import impl as packaging
1741077551.5885732 [pinky_bringup-4]   File "/usr/lib/python3/dist-packages/apport/packaging_impl/__init__.py", line 33, in <module>
1741077551.5934222 [pinky_bringup-4]     impl = load_packaging_implementation()
1741077551.5976350 [pinky_bringup-4]            ^^^^^^^^^^^^^^^^^^^^^^^^^^^^^^^
1741077551.5981171 [pinky_bringup-4]   File "/usr/lib/python3/dist-packages/apport/packaging_impl/__init__.py", line 27, in load_packaging_implementation
1741077551.5982914 [pinky_bringup-4]     module = importlib.import_module(
1741077551.5984175 [pinky_bringup-4]              ^^^^^^^^^^^^^^^^^^^^^^^^
1741077551.5985222 [pinky_bringup-4]   File "/usr/lib/python3.12/importlib/__init__.py", line 90, in import_module
1741077551.6012313 [pinky_bringup-4]     return _bootstrap._gcd_import(name[level:], package, level)
1741077551.6017659 [pinky_bringup-4]            ^^^^^^^^^^^^^^^^^^^^^^^^^^^^^^^^^^^^^^^^^^^^^^^^^^^^
1741077551.6065972 [pinky_bringup-4]   File "/usr/lib/python3/dist-packages/apport/packaging_impl/apt_dpkg.py", line 31, in <module>
1741077551.6073749 [pinky_bringup-4]     import http.client
1741077551.6075501 [pinky_bringup-4]   File "/usr/lib/python3.12/http/client.py", line 1448, in <module>
1741077551.6105430 [pinky_bringup-4]     import ssl
1741077551.6114652 [pinky_bringup-4]   File "<frozen importlib._bootstrap>", line 1360, in _find_and_load
1741077551.6115773 [pinky_bringup-4]   File "<frozen importlib._bootstrap>", line 1331, in _find_and_load_unlocked
1741077551.6141040 [pinky_bringup-4]   File "<frozen importlib._bootstrap>", line 935, in _load_unlocked
1741077551.6143439 [pinky_bringup-4]   File "<frozen importlib._bootstrap_external>", line 991, in exec_module
1741077551.6144822 [pinky_bringup-4]   File "<frozen importlib._bootstrap_external>", line 1124, in get_code
1741077551.6145895 [pinky_bringup-4]   File "<frozen importlib._bootstrap_external>", line 753, in _compile_bytecode
1741077551.6160555 [pinky_bringup-4] KeyboardInterrupt
1741077551.6162069 [pinky_bringup-4] 
1741077551.6162939 [pinky_bringup-4] Original exception was:
1741077551.6163633 [pinky_bringup-4] Traceback (most recent call last):
1741077551.6164317 [pinky_bringup-4]   File "/home/pinky/pinky_violet/install/pinky_bringup/lib/pinky_bringup/pinky_bringup", line 33, in <module>
1741077551.6165004 [pinky_bringup-4]     sys.exit(load_entry_point('pinky-bringup==0.0.0', 'console_scripts', 'pinky_bringup')())
1741077551.6165679 [pinky_bringup-4]              ^^^^^^^^^^^^^^^^^^^^^^^^^^^^^^^^^^^^^^^^^^^^^^^^^^^^^^^^^^^^^^^^^^^^^^^^^^^^^^
1741077551.6194007 [pinky_bringup-4]   File "/home/pinky/pinky_violet/install/pinky_bringup/lib/python3.12/site-packages/pinky_bringup/pinky_bringup.py", line 86, in main
1741077551.6197433 [pinky_bringup-4]     rclpy.shutdown()
1741077551.6198719 [pinky_bringup-4]   File "/opt/ros/jazzy/lib/python3.12/site-packages/rclpy/__init__.py", line 134, in shutdown
1741077551.6199577 [pinky_bringup-4]     _shutdown(context=context)
1741077551.6200426 [pinky_bringup-4]   File "/opt/ros/jazzy/lib/python3.12/site-packages/rclpy/utilities.py", line 82, in shutdown
1741077551.6201303 [pinky_bringup-4]     context.shutdown()
1741077551.6202040 [pinky_bringup-4]   File "/opt/ros/jazzy/lib/python3.12/site-packages/rclpy/context.py", line 129, in shutdown
1741077551.6202776 [pinky_bringup-4]     self.__context.shutdown()
1741077551.6203489 [pinky_bringup-4] rclpy._rclpy_pybind11.RCLError: failed to shutdown: rcl_shutdown already called on the given context, at ./src/rcl/init.c:333
1741077551.6250074 [ERROR] [pinky_battery_publiser-5]: process has died [pid 5331, exit code -2, cmd '/home/pinky/pinky_violet/install/pinky_bringup/lib/pinky_bringup/pinky_battery_publiser --ros-args'].
1741077551.6258326 [ERROR] [icm20948_node-3]: process has died [pid 5329, exit code -2, cmd '/home/pinky/pinky_violet/install/ros2_icm20948/lib/ros2_icm20948/icm20948_node --ros-args -r __node:=icm20948_node --params-file /tmp/launch_params_0_xw6h00 --params-file /tmp/launch_params_lf5wt8q9 --params-file /tmp/launch_params_usq_exhb'].
1741077551.6569347 [WARNING] [launch]: user interrupted with ctrl-c (SIGINT) again, ignoring...
1741077551.6902966 [ERROR] [sllidar_node-2]: process has died [pid 5328, exit code -2, cmd '/home/pinky/pinky_violet/install/sllidar_ros2/lib/sllidar_ros2/sllidar_node --ros-args -r __node:=sllidar_node --params-file /tmp/launch_params_9qm9uydd'].
1741077551.7080743 [ERROR] [pinky_bringup-4]: process has died [pid 5330, exit code -2, cmd '/home/pinky/pinky_violet/install/pinky_bringup/lib/pinky_bringup/pinky_bringup --ros-args --params-file /tmp/launch_params_ngox_ntc'].
1741077551.8041420 [INFO] [robot_state_publisher-1]: process has finished cleanly [pid 5327]
