1740703666.1755805 [INFO] [launch]: All log files can be found below /home/pinky/.ros/log/2025-02-28-09-47-46-166525-raspi-4281
1740703666.1758094 [INFO] [launch]: Default logging verbosity is set to INFO
1740703666.5779293 [INFO] [robot_state_publisher-1]: process started with pid [4285]
1740703666.5783782 [INFO] [sllidar_node-2]: process started with pid [4286]
1740703666.5785997 [INFO] [icm20948_node-3]: process started with pid [4287]
1740703666.5787454 [INFO] [pinky_bringup-4]: process started with pid [4288]
1740703666.5788591 [INFO] [pinky_battery_publiser-5]: process started with pid [4289]
1740703667.5333641 [pinky_bringup-4] Traceback (most recent call last):
1740703667.5335686 [pinky_bringup-4]   File "/home/pinky/pinky_violet/install/pinky_bringup/lib/pinky_bringup/pinky_bringup", line 33, in <module>
1740703667.5338571 [pinky_bringup-4]     sys.exit(load_entry_point('pinky-bringup==0.0.0', 'console_scripts', 'pinky_bringup')())
1740703667.5339377 [pinky_bringup-4]              ^^^^^^^^^^^^^^^^^^^^^^^^^^^^^^^^^^^^^^^^^^^^^^^^^^^^^^^^^^^^^^^^^^^^^^^^^^^^^^
1740703667.5340004 [pinky_bringup-4]   File "/home/pinky/pinky_violet/install/pinky_bringup/lib/python3.12/site-packages/pinky_bringup/pinky_bringup.py", line 75, in main
1740703667.5341101 [pinky_bringup-4]     pinky_bringup_node = PinkyBringup()
1740703667.5341666 [pinky_bringup-4]                          ^^^^^^^^^^^^^^
1740703667.5342109 [pinky_bringup-4]   File "/home/pinky/pinky_violet/install/pinky_bringup/lib/python3.12/site-packages/pinky_bringup/pinky_bringup.py", line 16, in __init__
1740703667.5342565 [pinky_bringup-4]     self.pinky.enable_motor()
1740703667.5343010 [pinky_bringup-4]   File "/home/pinky/pinky_violet/install/pinky_bringup/lib/python3.12/site-packages/pinky_bringup/pinkylib.py", line 111, in enable_motor
1740703667.5343430 [pinky_bringup-4]     GPIO.output(STBY, GPIO.HIGH)
1740703667.5343943 [pinky_bringup-4]   File "/usr/lib/python3/dist-packages/RPi/GPIO/__init__.py", line 734, in output
1740703667.5347154 [pinky_bringup-4]     _check_output(mode, 'The GPIO channel has not been set up as an OUTPUT')
1740703667.5348027 [pinky_bringup-4]   File "/usr/lib/python3/dist-packages/RPi/GPIO/__init__.py", line 259, in _check_output
1740703667.5349808 [pinky_bringup-4]     raise RuntimeError(msg)
1740703667.5350692 [pinky_bringup-4] RuntimeError: The GPIO channel has not been set up as an OUTPUT
1740703667.7900212 [ERROR] [pinky_bringup-4]: process has died [pid 4288, exit code 1, cmd '/home/pinky/pinky_violet/install/pinky_bringup/lib/pinky_bringup/pinky_bringup --ros-args --params-file /tmp/launch_params_hu6wqbms'].
1740703735.4977045 [WARNING] [launch]: user interrupted with ctrl-c (SIGINT)
1740703735.5071142 [icm20948_node-3] Traceback (most recent call last):
1740703735.5075171 [icm20948_node-3]   File "/home/pinky/pinky_violet/install/ros2_icm20948/lib/ros2_icm20948/icm20948_node", line 33, in <module>
1740703735.5077643 [icm20948_node-3]     sys.exit(load_entry_point('ros2-icm20948==0.0.1', 'console_scripts', 'icm20948_node')())
1740703735.5079966 [icm20948_node-3]              ^^^^^^^^^^^^^^^^^^^^^^^^^^^^^^^^^^^^^^^^^^^^^^^^^^^^^^^^^^^^^^^^^^^^^^^^^^^^^^
1740703735.5082457 [icm20948_node-3]   File "/home/pinky/pinky_violet/install/ros2_icm20948/lib/python3.12/site-packages/ros2_icm20948/icm20948_node.py", line 78, in main
1740703735.5086226 [icm20948_node-3]     rclpy.spin(icm20948_node)
1740703735.5088322 [icm20948_node-3]   File "/opt/ros/jazzy/lib/python3.12/site-packages/rclpy/__init__.py", line 244, in spin
1740703735.5089684 [icm20948_node-3]     executor.spin_once()
1740703735.5096490 [icm20948_node-3]   File "/opt/ros/jazzy/lib/python3.12/site-packages/rclpy/executors.py", line 827, in spin_once
1740703735.5106926 [icm20948_node-3]     self._spin_once_impl(timeout_sec)
1740703735.5113506 [icm20948_node-3]   File "/opt/ros/jazzy/lib/python3.12/site-packages/rclpy/executors.py", line 811, in _spin_once_impl
1740703735.5115917 [icm20948_node-3]     handler, entity, node = self.wait_for_ready_callbacks(
1740703735.5117419 [icm20948_node-3]                             ^^^^^^^^^^^^^^^^^^^^^^^^^^^^^^
1740703735.5119283 [icm20948_node-3]   File "/opt/ros/jazzy/lib/python3.12/site-packages/rclpy/executors.py", line 781, in wait_for_ready_callbacks
1740703735.5121336 [icm20948_node-3]     return next(self._cb_iter)
1740703735.5122695 [icm20948_node-3]            ^^^^^^^^^^^^^^^^^^^
1740703735.5124691 [icm20948_node-3]   File "/opt/ros/jazzy/lib/python3.12/site-packages/rclpy/executors.py", line 685, in _wait_for_ready_callbacks
1740703735.5126097 [icm20948_node-3]     wait_set.wait(timeout_nsec)
1740703735.5127378 [icm20948_node-3] KeyboardInterrupt
1740703735.6024008 [pinky_battery_publiser-5] Traceback (most recent call last):
1740703735.6027744 [pinky_battery_publiser-5]   File "/home/pinky/pinky_violet/install/pinky_bringup/lib/pinky_bringup/pinky_battery_publiser", line 33, in <module>
1740703735.6035354 [pinky_battery_publiser-5]     sys.exit(load_entry_point('pinky-bringup==0.0.0', 'console_scripts', 'pinky_battery_publiser')())
1740703735.6037538 [pinky_battery_publiser-5]              ^^^^^^^^^^^^^^^^^^^^^^^^^^^^^^^^^^^^^^^^^^^^^^^^^^^^^^^^^^^^^^^^^^^^^^^^^^^^^^^^^^^^^^^
1740703735.6038432 [pinky_battery_publiser-5]   File "/home/pinky/pinky_violet/install/pinky_bringup/lib/python3.12/site-packages/pinky_bringup/pinky_battery_publiser.py", line 38, in main
1740703735.6039181 [pinky_battery_publiser-5]     rclpy.shutdown()
1740703735.6039848 [pinky_battery_publiser-5]   File "/opt/ros/jazzy/lib/python3.12/site-packages/rclpy/__init__.py", line 134, in shutdown
1740703735.6040647 [pinky_battery_publiser-5]     _shutdown(context=context)
1740703735.6041329 [pinky_battery_publiser-5]   File "/opt/ros/jazzy/lib/python3.12/site-packages/rclpy/utilities.py", line 82, in shutdown
1740703735.6041908 [pinky_battery_publiser-5]     context.shutdown()
1740703735.6042440 [pinky_battery_publiser-5]   File "/opt/ros/jazzy/lib/python3.12/site-packages/rclpy/context.py", line 129, in shutdown
1740703735.6043046 [pinky_battery_publiser-5]     self.__context.shutdown()
1740703735.6043835 [pinky_battery_publiser-5] rclpy._rclpy_pybind11.RCLError: failed to shutdown: rcl_shutdown already called on the given context, at ./src/rcl/init.c:333
1740703735.6382186 [INFO] [robot_state_publisher-1]: process has finished cleanly [pid 4285]
1740703735.6924825 [ERROR] [icm20948_node-3]: process has died [pid 4287, exit code -2, cmd '/home/pinky/pinky_violet/install/ros2_icm20948/lib/ros2_icm20948/icm20948_node --ros-args -r __node:=icm20948_node --params-file /tmp/launch_params_s7k0vtk4 --params-file /tmp/launch_params_s1qh31sg --params-file /tmp/launch_params__qa47m0b'].
1740703735.7137611 [WARNING] [launch]: user interrupted with ctrl-c (SIGINT) again, ignoring...
1740703735.7173529 [ERROR] [sllidar_node-2]: process has died [pid 4286, exit code -2, cmd '/home/pinky/pinky_violet/install/sllidar_ros2/lib/sllidar_ros2/sllidar_node --ros-args -r __node:=sllidar_node --params-file /tmp/launch_params_d946r7bb'].
1740703735.7223415 [ERROR] [pinky_battery_publiser-5]: process has died [pid 4289, exit code -2, cmd '/home/pinky/pinky_violet/install/pinky_bringup/lib/pinky_bringup/pinky_battery_publiser --ros-args'].
