1741233628.1518784 [INFO] [launch]: All log files can be found below /home/pinky/.ros/log/2025-03-06-13-00-28-149404-raspi-5595
1741233628.1526933 [INFO] [launch]: Default logging verbosity is set to INFO
1741233629.3932540 [INFO] [component_container_isolated-1]: process started with pid [5616]
1741233629.3935249 [INFO] [initialpose.py-2]: process started with pid [5617]
1741233629.3936298 [INFO] [cartographer_node-3]: process started with pid [5618]
1741233629.7585092 [cartographer_node-3] [INFO] [1741233629.754090501] [cartographer logger]: I20250306 13:00:29.-2147483648  5618 configuration_file_resolver.cc:41] Found '/home/pinky/pinky_violet/install/pinky_cartographer/share/pinky_cartographer/params/initial_pose.lua' for 'initial_pose.lua'.
1741233629.7622833 [cartographer_node-3] [INFO] [1741233629.754485945] [cartographer logger]: I20250306 13:00:29.-2147483648  5618 configuration_file_resolver.cc:41] Found '/opt/ros/jazzy/share/cartographer/configuration_files/map_builder.lua' for 'map_builder.lua'.
1741233629.7719181 [cartographer_node-3] [INFO] [1741233629.754533260] [cartographer logger]: I20250306 13:00:29.-2147483648  5618 configuration_file_resolver.cc:41] Found '/opt/ros/jazzy/share/cartographer/configuration_files/map_builder.lua' for 'map_builder.lua'.
1741233629.7724137 [cartographer_node-3] [INFO] [1741233629.754604815] [cartographer logger]: I20250306 13:00:29.-2147483648  5618 configuration_file_resolver.cc:41] Found '/opt/ros/jazzy/share/cartographer/configuration_files/pose_graph.lua' for 'pose_graph.lua'.
1741233629.7751780 [cartographer_node-3] [INFO] [1741233629.754639908] [cartographer logger]: I20250306 13:00:29.-2147483648  5618 configuration_file_resolver.cc:41] Found '/opt/ros/jazzy/share/cartographer/configuration_files/pose_graph.lua' for 'pose_graph.lua'.
1741233629.7848499 [cartographer_node-3] [INFO] [1741233629.754846538] [cartographer logger]: I20250306 13:00:29.-2147483648  5618 configuration_file_resolver.cc:41] Found '/opt/ros/jazzy/share/cartographer/configuration_files/trajectory_builder.lua' for 'trajectory_builder.lua'.
1741233629.7884028 [cartographer_node-3] [INFO] [1741233629.754894630] [cartographer logger]: I20250306 13:00:29.-2147483648  5618 configuration_file_resolver.cc:41] Found '/opt/ros/jazzy/share/cartographer/configuration_files/trajectory_builder.lua' for 'trajectory_builder.lua'.
1741233629.8012528 [cartographer_node-3] [INFO] [1741233629.754962852] [cartographer logger]: I20250306 13:00:29.-2147483648  5618 configuration_file_resolver.cc:41] Found '/opt/ros/jazzy/share/cartographer/configuration_files/trajectory_builder_2d.lua' for 'trajectory_builder_2d.lua'.
1741233629.8014085 [cartographer_node-3] [INFO] [1741233629.754998389] [cartographer logger]: I20250306 13:00:29.-2147483648  5618 configuration_file_resolver.cc:41] Found '/opt/ros/jazzy/share/cartographer/configuration_files/trajectory_builder_2d.lua' for 'trajectory_builder_2d.lua'.
1741233629.8015120 [cartographer_node-3] [INFO] [1741233629.755163056] [cartographer logger]: I20250306 13:00:29.-2147483648  5618 configuration_file_resolver.cc:41] Found '/opt/ros/jazzy/share/cartographer/configuration_files/trajectory_builder_3d.lua' for 'trajectory_builder_3d.lua'.
1741233629.8016002 [cartographer_node-3] [INFO] [1741233629.755202130] [cartographer logger]: I20250306 13:00:29.-2147483648  5618 configuration_file_resolver.cc:41] Found '/opt/ros/jazzy/share/cartographer/configuration_files/trajectory_builder_3d.lua' for 'trajectory_builder_3d.lua'.
1741233629.8929110 [cartographer_node-3] [INFO] [1741233629.888736056] [cartographer logger]: I20250306 13:00:29.-2147483648  5618 map_builder_bridge.cpp:136] Added trajectory with ID '0'.
1741233630.0078034 [INFO] [launch_ros.actions.load_composable_nodes]: Loaded node '/controller_server' in container 'nav2_container'
1741233630.0958676 [INFO] [launch_ros.actions.load_composable_nodes]: Loaded node '/map_server' in container 'nav2_container'
1741233630.1346931 [INFO] [launch_ros.actions.load_composable_nodes]: Loaded node '/smoother_server' in container 'nav2_container'
1741233630.2078781 [INFO] [launch_ros.actions.load_composable_nodes]: Loaded node '/lifecycle_manager_localization' in container 'nav2_container'
1741233630.4460237 [INFO] [launch_ros.actions.load_composable_nodes]: Loaded node '/planner_server' in container 'nav2_container'
1741233630.5456245 [INFO] [launch_ros.actions.load_composable_nodes]: Loaded node '/behavior_server' in container 'nav2_container'
1741233630.6543915 [INFO] [launch_ros.actions.load_composable_nodes]: Loaded node '/bt_navigator' in container 'nav2_container'
1741233630.8048487 [INFO] [launch_ros.actions.load_composable_nodes]: Loaded node '/waypoint_follower' in container 'nav2_container'
1741233630.9251049 [INFO] [launch_ros.actions.load_composable_nodes]: Loaded node '/velocity_smoother' in container 'nav2_container'
1741233631.0579996 [INFO] [launch_ros.actions.load_composable_nodes]: Loaded node '/lifecycle_manager_navigation' in container 'nav2_container'
1741233635.1325681 [cartographer_node-3] [INFO] [1741233635.131413627] [cartographer logger]: I20250306 13:00:35.-2147483648  5618 ordered_multi_queue.cc:172] All sensor data for trajectory 0 is available starting at '638768304351306007'.
1741233635.2246268 [cartographer_node-3] [INFO] [1741233635.224344645] [cartographer logger]: I20250306 13:00:35.-2147483648  5618 local_trajectory_builder_2d.cc:124] Extrapolator not yet initialized.
1741233635.3310239 [cartographer_node-3] [INFO] [1741233635.330740108] [cartographer logger]: I20250306 13:00:35.-2147483648  5618 local_trajectory_builder_2d.cc:135] Extrapolator is still initializing.
1741233635.3330925 [cartographer_node-3] [INFO] [1741233635.332851682] [cartographer logger]: I20250306 13:00:35.-2147483648  5618 pose_graph_2d.cc:148] Inserted submap (0, 0).
1741233644.9323153 [cartographer_node-3] [INFO] [1741233644.931785399] [cartographer logger]: I20250306 13:00:44.-2147483648  5618 collated_trajectory_builder.cc:81] imu rate: 5.00 Hz 2.00e-01 s +/- 1.53e-03 s (pulsed at 100.03% real time)
1741233644.9325910 [cartographer_node-3] [INFO] [1741233644.931864566] [cartographer logger]: I20250306 13:00:44.-2147483648  5618 collated_trajectory_builder.cc:81] scan rate: 10.01 Hz 9.99e-02 s +/- 1.06e-03 s (pulsed at 99.82% real time)
1741233659.9350929 [cartographer_node-3] [INFO] [1741233659.933211075] [cartographer logger]: I20250306 13:00:59.-2147483648  5618 collated_trajectory_builder.cc:81] imu rate: 5.00 Hz 2.00e-01 s +/- 1.49e-03 s (pulsed at 100.11% real time)
1741233659.9353783 [cartographer_node-3] [INFO] [1741233659.933425594] [cartographer logger]: I20250306 13:00:59.-2147483648  5618 collated_trajectory_builder.cc:81] scan rate: 10.01 Hz 9.99e-02 s +/- 9.79e-04 s (pulsed at 99.93% real time)
1741233674.9418149 [cartographer_node-3] [INFO] [1741233674.939234677] [cartographer logger]: I20250306 13:01:14.-2147483648  5618 collated_trajectory_builder.cc:81] imu rate: 5.00 Hz 2.00e-01 s +/- 4.08e-03 s (pulsed at 100.08% real time)
1741233674.9422004 [cartographer_node-3] [INFO] [1741233674.939317603] [cartographer logger]: I20250306 13:01:14.-2147483648  5618 collated_trajectory_builder.cc:81] scan rate: 10.01 Hz 9.99e-02 s +/- 2.31e-03 s (pulsed at 99.89% real time)
1741233685.3612447 [cartographer_node-3] [INFO] [1741233685.359975356] [cartographer logger]: I20250306 13:01:25.-2147483648  5618 motion_filter.cc:42] Motion filter reduced the number of nodes to 7.2%.
1741233687.7150400 [cartographer_node-3] [INFO] [1741233687.713421670] [cartographer logger]: I20250306 13:01:27.-2147483648  5618 node.cpp:569] Shutdown the subscriber of [scan]
1741233687.7167623 [cartographer_node-3] [INFO] [1741233687.713545170] [cartographer logger]: I20250306 13:01:27.-2147483648  5618 node.cpp:569] Shutdown the subscriber of [imu]
1741233687.7220824 [cartographer_node-3] [INFO] [1741233687.713588670] [cartographer logger]: I20250306 13:01:27.-2147483648  5618 map_builder_bridge.cpp:152] Finishing trajectory with ID '0'...
1741233687.7576561 [cartographer_node-3] [INFO] [1741233687.755586762] [cartographer logger]: I20250306 13:01:27.-2147483648  5651 pose_graph_2d.cc:538] Remaining work items in queue: 0
1741233687.7653863 [cartographer_node-3] [INFO] [1741233687.760729003] [cartographer logger]: I20250306 13:01:27.-2147483648  5651 constraint_builder_2d.cc:290] 0 computations resulted in 0 additional constraints.
1741233687.7715034 [cartographer_node-3] [INFO] [1741233687.760799244] [cartographer logger]: I20250306 13:01:27.-2147483648  5651 constraint_builder_2d.cc:292] Score histogram:
1741233687.7754557 [cartographer_node-3] Count: 0
1741233687.7803617 [cartographer_node-3] [WARN] [1741233687.768224799] [cartographer logger]: W20250306 13:01:27.-2147483648  5651 preprocessor.cc:67] Specified options.num_threads: 7 exceeds maximum available from the threading model Ceres was compiled with: 4.  Bounding to maximum number available.
1741233687.7865646 [cartographer_node-3] [INFO] [1741233687.770236429] [cartographer logger]: I20250306 13:01:27.-2147483648  5618 configuration_file_resolver.cc:41] Found '/home/pinky/pinky_violet/install/pinky_cartographer/share/pinky_cartographer/params/nav2_cartographer_params.lua' for 'nav2_cartographer_params.lua'.
1741233687.7946310 [cartographer_node-3] [INFO] [1741233687.770725818] [cartographer logger]: I20250306 13:01:27.-2147483648  5618 configuration_file_resolver.cc:41] Found '/opt/ros/jazzy/share/cartographer/configuration_files/map_builder.lua' for 'map_builder.lua'.
1741233687.8062618 [cartographer_node-3] [INFO] [1741233687.770785447] [cartographer logger]: I20250306 13:01:27.-2147483648  5618 configuration_file_resolver.cc:41] Found '/opt/ros/jazzy/share/cartographer/configuration_files/map_builder.lua' for 'map_builder.lua'.
1741233687.8243387 [cartographer_node-3] [INFO] [1741233687.770885577] [cartographer logger]: I20250306 13:01:27.-2147483648  5618 configuration_file_resolver.cc:41] Found '/opt/ros/jazzy/share/cartographer/configuration_files/pose_graph.lua' for 'pose_graph.lua'.
1741233687.8279970 [cartographer_node-3] [INFO] [1741233687.770930614] [cartographer logger]: I20250306 13:01:27.-2147483648  5618 configuration_file_resolver.cc:41] Found '/opt/ros/jazzy/share/cartographer/configuration_files/pose_graph.lua' for 'pose_graph.lua'.
1741233687.8283527 [cartographer_node-3] [INFO] [1741233687.771100873] [cartographer logger]: I20250306 13:01:27.-2147483648  5618 configuration_file_resolver.cc:41] Found '/opt/ros/jazzy/share/cartographer/configuration_files/trajectory_builder.lua' for 'trajectory_builder.lua'.
1741233687.8285413 [cartographer_node-3] [INFO] [1741233687.771148596] [cartographer logger]: I20250306 13:01:27.-2147483648  5618 configuration_file_resolver.cc:41] Found '/opt/ros/jazzy/share/cartographer/configuration_files/trajectory_builder.lua' for 'trajectory_builder.lua'.
1741233687.8286767 [cartographer_node-3] [INFO] [1741233687.771220985] [cartographer logger]: I20250306 13:01:27.-2147483648  5618 configuration_file_resolver.cc:41] Found '/opt/ros/jazzy/share/cartographer/configuration_files/trajectory_builder_2d.lua' for 'trajectory_builder_2d.lua'.
1741233687.8288071 [cartographer_node-3] [INFO] [1741233687.771255892] [cartographer logger]: I20250306 13:01:27.-2147483648  5618 configuration_file_resolver.cc:41] Found '/opt/ros/jazzy/share/cartographer/configuration_files/trajectory_builder_2d.lua' for 'trajectory_builder_2d.lua'.
1741233687.8293908 [cartographer_node-3] [INFO] [1741233687.771444651] [cartographer logger]: I20250306 13:01:27.-2147483648  5618 configuration_file_resolver.cc:41] Found '/opt/ros/jazzy/share/cartographer/configuration_files/trajectory_builder_3d.lua' for 'trajectory_builder_3d.lua'.
1741233687.8295755 [cartographer_node-3] [INFO] [1741233687.771493762] [cartographer logger]: I20250306 13:01:27.-2147483648  5618 configuration_file_resolver.cc:41] Found '/opt/ros/jazzy/share/cartographer/configuration_files/trajectory_builder_3d.lua' for 'trajectory_builder_3d.lua'.
1741233687.8326771 [cartographer_node-3] [INFO] [1741233687.792492318] [cartographer logger]: I20250306 13:01:27.-2147483648  5618 map_builder_bridge.cpp:136] Added trajectory with ID '1'.
1741233687.8862841 [cartographer_node-3] [INFO] [1741233687.885319059] [cartographer logger]: I20250306 13:01:27.-2147483648  5618 ordered_multi_queue.cc:172] All sensor data for trajectory 1 is available starting at '638768304878828470'.
1741233688.0370688 [cartographer_node-3] [INFO] [1741233688.033623707] [cartographer logger]: I20250306 13:01:28.-2147483648  5618 local_trajectory_builder_2d.cc:135] Extrapolator is still initializing.
1741233688.0511444 [cartographer_node-3] [INFO] [1741233688.049483633] [cartographer logger]: I20250306 13:01:28.-2147483648  5618 pose_graph_2d.cc:148] Inserted submap (1, 0).
1741233698.2462561 [cartographer_node-3] [INFO] [1741233698.244003293] [cartographer logger]: I20250306 13:01:38.-2147483648  5618 pose_graph_2d.cc:148] Inserted submap (1, 1).
1741233699.4251986 [cartographer_node-3] [INFO] [1741233699.424007755] [cartographer logger]: I20250306 13:01:39.-2147483648  5618 node.cpp:569] Shutdown the subscriber of [scan]
1741233699.4305835 [cartographer_node-3] [INFO] [1741233699.424117866] [cartographer logger]: I20250306 13:01:39.-2147483648  5618 node.cpp:569] Shutdown the subscriber of [imu]
1741233699.4317024 [cartographer_node-3] [INFO] [1741233699.424160904] [cartographer logger]: I20250306 13:01:39.-2147483648  5618 map_builder_bridge.cpp:152] Finishing trajectory with ID '1'...
1741233699.4413686 [cartographer_node-3] [INFO] [1741233699.440809163] [cartographer logger]: I20250306 13:01:39.-2147483648  5651 pose_graph_2d.cc:538] Remaining work items in queue: 0
1741233699.4434328 [cartographer_node-3] [INFO] [1741233699.442533718] [cartographer logger]: I20250306 13:01:39.-2147483648  5651 constraint_builder_2d.cc:290] 0 computations resulted in 0 additional constraints.
1741233699.4437964 [cartographer_node-3] [INFO] [1741233699.442585441] [cartographer logger]: I20250306 13:01:39.-2147483648  5651 constraint_builder_2d.cc:292] Score histogram:
1741233699.4439504 [cartographer_node-3] Count: 0
1741233699.4456704 [cartographer_node-3] [WARN] [1741233699.445168144] [cartographer logger]: W20250306 13:01:39.-2147483648  5651 preprocessor.cc:67] Specified options.num_threads: 7 exceeds maximum available from the threading model Ceres was compiled with: 4.  Bounding to maximum number available.
1741233699.4668694 [cartographer_node-3] [INFO] [1741233699.459374792] [cartographer logger]: I20250306 13:01:39.-2147483648  5618 configuration_file_resolver.cc:41] Found '/home/pinky/pinky_violet/install/pinky_cartographer/share/pinky_cartographer/params/nav2_cartographer_params.lua' for 'nav2_cartographer_params.lua'.
1741233699.4675257 [cartographer_node-3] [INFO] [1741233699.459854366] [cartographer logger]: I20250306 13:01:39.-2147483648  5618 configuration_file_resolver.cc:41] Found '/opt/ros/jazzy/share/cartographer/configuration_files/map_builder.lua' for 'map_builder.lua'.
1741233699.4751291 [cartographer_node-3] [INFO] [1741233699.459929589] [cartographer logger]: I20250306 13:01:39.-2147483648  5618 configuration_file_resolver.cc:41] Found '/opt/ros/jazzy/share/cartographer/configuration_files/map_builder.lua' for 'map_builder.lua'.
1741233699.4763231 [cartographer_node-3] [INFO] [1741233699.460107515] [cartographer logger]: I20250306 13:01:39.-2147483648  5618 configuration_file_resolver.cc:41] Found '/opt/ros/jazzy/share/cartographer/configuration_files/pose_graph.lua' for 'pose_graph.lua'.
1741233699.4816277 [cartographer_node-3] [INFO] [1741233699.460181089] [cartographer logger]: I20250306 13:01:39.-2147483648  5618 configuration_file_resolver.cc:41] Found '/opt/ros/jazzy/share/cartographer/configuration_files/pose_graph.lua' for 'pose_graph.lua'.
1741233699.4844346 [cartographer_node-3] [INFO] [1741233699.460401237] [cartographer logger]: I20250306 13:01:39.-2147483648  5618 configuration_file_resolver.cc:41] Found '/opt/ros/jazzy/share/cartographer/configuration_files/trajectory_builder.lua' for 'trajectory_builder.lua'.
1741233699.4861586 [cartographer_node-3] [INFO] [1741233699.460448589] [cartographer logger]: I20250306 13:01:39.-2147483648  5618 configuration_file_resolver.cc:41] Found '/opt/ros/jazzy/share/cartographer/configuration_files/trajectory_builder.lua' for 'trajectory_builder.lua'.
1741233699.4871480 [cartographer_node-3] [INFO] [1741233699.460528385] [cartographer logger]: I20250306 13:01:39.-2147483648  5618 configuration_file_resolver.cc:41] Found '/opt/ros/jazzy/share/cartographer/configuration_files/trajectory_builder_2d.lua' for 'trajectory_builder_2d.lua'.
1741233699.4884145 [cartographer_node-3] [INFO] [1741233699.460571441] [cartographer logger]: I20250306 13:01:39.-2147483648  5618 configuration_file_resolver.cc:41] Found '/opt/ros/jazzy/share/cartographer/configuration_files/trajectory_builder_2d.lua' for 'trajectory_builder_2d.lua'.
1741233699.4902847 [cartographer_node-3] [INFO] [1741233699.460750089] [cartographer logger]: I20250306 13:01:39.-2147483648  5618 configuration_file_resolver.cc:41] Found '/opt/ros/jazzy/share/cartographer/configuration_files/trajectory_builder_3d.lua' for 'trajectory_builder_3d.lua'.
1741233699.4926865 [cartographer_node-3] [INFO] [1741233699.460793015] [cartographer logger]: I20250306 13:01:39.-2147483648  5618 configuration_file_resolver.cc:41] Found '/opt/ros/jazzy/share/cartographer/configuration_files/trajectory_builder_3d.lua' for 'trajectory_builder_3d.lua'.
1741233699.4945188 [cartographer_node-3] [INFO] [1741233699.465232718] [cartographer logger]: I20250306 13:01:39.-2147483648  5618 map_builder_bridge.cpp:136] Added trajectory with ID '2'.
1741233699.5325511 [cartographer_node-3] [INFO] [1741233699.531328237] [cartographer logger]: I20250306 13:01:39.-2147483648  5618 ordered_multi_queue.cc:172] All sensor data for trajectory 2 is available starting at '638768304995300885'.
1741233699.5825219 [cartographer_node-3] [INFO] [1741233699.580633996] [cartographer logger]: I20250306 13:01:39.-2147483648  5618 local_trajectory_builder_2d.cc:124] Extrapolator not yet initialized.
1741233699.7422988 [cartographer_node-3] [INFO] [1741233699.739026385] [cartographer logger]: I20250306 13:01:39.-2147483648  5618 local_trajectory_builder_2d.cc:135] Extrapolator is still initializing.
1741233699.7493460 [cartographer_node-3] [INFO] [1741233699.746153626] [cartographer logger]: I20250306 13:01:39.-2147483648  5618 pose_graph_2d.cc:148] Inserted submap (2, 0).
1741233709.2407713 [cartographer_node-3] [INFO] [1741233709.238442546] [cartographer logger]: I20250306 13:01:49.-2147483648  5618 pose_graph_2d.cc:148] Inserted submap (2, 1).
1741233714.5560308 [cartographer_node-3] [INFO] [1741233714.551299024] [cartographer logger]: I20250306 13:01:54.-2147483648  5618 collated_trajectory_builder.cc:81] imu rate: 5.00 Hz 2.00e-01 s +/- 2.64e-03 s (pulsed at 100.09% real time)
1741233714.5570331 [cartographer_node-3] [INFO] [1741233714.553262913] [cartographer logger]: I20250306 13:01:54.-2147483648  5618 collated_trajectory_builder.cc:81] scan rate: 10.01 Hz 9.99e-02 s +/- 1.65e-03 s (pulsed at 99.47% real time)
1741233718.7595634 [cartographer_node-3] [INFO] [1741233718.758270762] [cartographer logger]: I20250306 13:01:58.-2147483648  5618 pose_graph_2d.cc:148] Inserted submap (2, 2).
1741233718.7932670 [cartographer_node-3] [INFO] [1741233718.781341022] [cartographer logger]: I20250306 13:01:58.-2147483648  5651 constraint_builder_2d.cc:275] Node (2, 180) with 200 points on submap (2, 0) differs by translation 0.00 rotation 0.004 with score 89.1%.
1741233719.1444657 [cartographer_node-3] [INFO] [1741233719.142458984] [cartographer logger]: I20250306 13:01:59.-2147483648  5618 node.cpp:569] Shutdown the subscriber of [scan]
1741233719.1447759 [cartographer_node-3] [INFO] [1741233719.142533577] [cartographer logger]: I20250306 13:01:59.-2147483648  5618 node.cpp:569] Shutdown the subscriber of [imu]
1741233719.1455185 [cartographer_node-3] [INFO] [1741233719.142679392] [cartographer logger]: I20250306 13:01:59.-2147483648  5618 map_builder_bridge.cpp:152] Finishing trajectory with ID '2'...
1741233719.1470044 [cartographer_node-3] [INFO] [1741233719.143042540] [cartographer logger]: I20250306 13:01:59.-2147483648  5653 pose_graph_2d.cc:538] Remaining work items in queue: 0
1741233719.1534927 [cartographer_node-3] [INFO] [1741233719.152565836] [cartographer logger]: I20250306 13:01:59.-2147483648  5618 configuration_file_resolver.cc:41] Found '/home/pinky/pinky_violet/install/pinky_cartographer/share/pinky_cartographer/params/nav2_cartographer_params.lua' for 'nav2_cartographer_params.lua'.
1741233719.1552367 [cartographer_node-3] [INFO] [1741233719.153014299] [cartographer logger]: I20250306 13:01:59.-2147483648  5618 configuration_file_resolver.cc:41] Found '/opt/ros/jazzy/share/cartographer/configuration_files/map_builder.lua' for 'map_builder.lua'.
1741233719.1566226 [cartographer_node-3] [INFO] [1741233719.153083707] [cartographer logger]: I20250306 13:01:59.-2147483648  5618 configuration_file_resolver.cc:41] Found '/opt/ros/jazzy/share/cartographer/configuration_files/map_builder.lua' for 'map_builder.lua'.
1741233719.1591611 [cartographer_node-3] [INFO] [1741233719.153178170] [cartographer logger]: I20250306 13:01:59.-2147483648  5618 configuration_file_resolver.cc:41] Found '/opt/ros/jazzy/share/cartographer/configuration_files/pose_graph.lua' for 'pose_graph.lua'.
1741233719.1655524 [cartographer_node-3] [INFO] [1741233719.153228058] [cartographer logger]: I20250306 13:01:59.-2147483648  5618 configuration_file_resolver.cc:41] Found '/opt/ros/jazzy/share/cartographer/configuration_files/pose_graph.lua' for 'pose_graph.lua'.
1741233719.1692033 [cartographer_node-3] [INFO] [1741233719.153432781] [cartographer logger]: I20250306 13:01:59.-2147483648  5618 configuration_file_resolver.cc:41] Found '/opt/ros/jazzy/share/cartographer/configuration_files/trajectory_builder.lua' for 'trajectory_builder.lua'.
1741233719.1698895 [cartographer_node-3] [INFO] [1741233719.153491151] [cartographer logger]: I20250306 13:01:59.-2147483648  5618 configuration_file_resolver.cc:41] Found '/opt/ros/jazzy/share/cartographer/configuration_files/trajectory_builder.lua' for 'trajectory_builder.lua'.
1741233719.1701789 [cartographer_node-3] [INFO] [1741233719.153594429] [cartographer logger]: I20250306 13:01:59.-2147483648  5618 configuration_file_resolver.cc:41] Found '/opt/ros/jazzy/share/cartographer/configuration_files/trajectory_builder_2d.lua' for 'trajectory_builder_2d.lua'.
1741233719.1705389 [cartographer_node-3] [INFO] [1741233719.153642373] [cartographer logger]: I20250306 13:01:59.-2147483648  5618 configuration_file_resolver.cc:41] Found '/opt/ros/jazzy/share/cartographer/configuration_files/trajectory_builder_2d.lua' for 'trajectory_builder_2d.lua'.
1741233719.1709421 [cartographer_node-3] [INFO] [1741233719.154076207] [cartographer logger]: I20250306 13:01:59.-2147483648  5618 configuration_file_resolver.cc:41] Found '/opt/ros/jazzy/share/cartographer/configuration_files/trajectory_builder_3d.lua' for 'trajectory_builder_3d.lua'.
1741233719.1714792 [cartographer_node-3] [INFO] [1741233719.154129707] [cartographer logger]: I20250306 13:01:59.-2147483648  5618 configuration_file_resolver.cc:41] Found '/opt/ros/jazzy/share/cartographer/configuration_files/trajectory_builder_3d.lua' for 'trajectory_builder_3d.lua'.
1741233719.1716473 [cartographer_node-3] [INFO] [1741233719.154576410] [cartographer logger]: I20250306 13:01:59.-2147483648  5651 constraint_builder_2d.cc:275] Node (2, 183) with 198 points on submap (2, 0) differs by translation 0.01 rotation 0.012 with score 88.2%.
1741233719.1719854 [cartographer_node-3] [INFO] [1741233719.155696225] [cartographer logger]: I20250306 13:01:59.-2147483648  5618 map_builder_bridge.cpp:136] Added trajectory with ID '3'.
1741233719.1725705 [cartographer_node-3] [INFO] [1741233719.159322466] [cartographer logger]: I20250306 13:01:59.-2147483648  5654 constraint_builder_2d.cc:290] 3 computations resulted in 2 additional constraints.
1741233719.1727376 [cartographer_node-3] [INFO] [1741233719.159564503] [cartographer logger]: I20250306 13:01:59.-2147483648  5654 constraint_builder_2d.cc:292] Score histogram:
1741233719.1733463 [cartographer_node-3] Count: 2  Min: 0.88219  Max: 0.891325  Mean: 0.886758
1741233719.1739485 [cartographer_node-3] [0.882190, 0.883104)	          ##########	Count: 1 (50%)	Total: 1 (50%)
1741233719.1747246 [cartographer_node-3] [0.883104, 0.884017)	                    	Count: 0 (0%)	Total: 1 (50%)
1741233719.1760824 [cartographer_node-3] [0.884017, 0.884931)	                    	Count: 0 (0%)	Total: 1 (50%)
1741233719.1769137 [cartographer_node-3] [0.884931, 0.885844)	                    	Count: 0 (0%)	Total: 1 (50%)
1741233719.1777298 [cartographer_node-3] [0.885844, 0.886758)	                    	Count: 0 (0%)	Total: 1 (50%)
1741233719.1782033 [cartographer_node-3] [0.886758, 0.887671)	                    	Count: 0 (0%)	Total: 1 (50%)
1741233719.1787746 [cartographer_node-3] [0.887671, 0.888585)	                    	Count: 0 (0%)	Total: 1 (50%)
1741233719.1790795 [cartographer_node-3] [0.888585, 0.889498)	                    	Count: 0 (0%)	Total: 1 (50%)
1741233719.1791797 [cartographer_node-3] [0.889498, 0.890412)	                    	Count: 0 (0%)	Total: 1 (50%)
1741233719.1793649 [cartographer_node-3] [0.890412, 0.891325]	          ##########	Count: 1 (50%)	Total: 2 (100%)
1741233719.1802471 [cartographer_node-3] [WARN] [1741233719.168198799] [cartographer logger]: W20250306 13:01:59.-2147483648  5654 preprocessor.cc:67] Specified options.num_threads: 7 exceeds maximum available from the threading model Ceres was compiled with: 4.  Bounding to maximum number available.
1741233719.2381995 [cartographer_node-3] [INFO] [1741233719.235308244] [cartographer logger]: I20250306 13:01:59.-2147483648  5618 ordered_multi_queue.cc:172] All sensor data for trajectory 3 is available starting at '638768305192319199'.
1741233719.2681804 [cartographer_node-3] [INFO] [1741233719.261615577] [cartographer logger]: I20250306 13:01:59.-2147483648  5618 local_trajectory_builder_2d.cc:124] Extrapolator not yet initialized.
1741233719.4431949 [cartographer_node-3] [INFO] [1741233719.441699188] [cartographer logger]: I20250306 13:01:59.-2147483648  5618 local_trajectory_builder_2d.cc:135] Extrapolator is still initializing.
1741233719.4445448 [cartographer_node-3] [INFO] [1741233719.443153743] [cartographer logger]: I20250306 13:01:59.-2147483648  5618 pose_graph_2d.cc:148] Inserted submap (3, 0).
1741233727.0262666 [WARNING] [launch]: user interrupted with ctrl-c (SIGINT)
1741233727.3070340 [WARNING] [launch]: user interrupted with ctrl-c (SIGINT) again, ignoring...
1741233727.3260024 [cartographer_node-3] [INFO] [1741233727.025643276] [rclcpp]: signal_handler(signum=2)
1741233727.3392899 [cartographer_node-3] [INFO] [1741233727.046982313] [cartographer logger]: I20250306 13:02:07.-2147483648  5618 node.cpp:569] Shutdown the subscriber of [scan]
1741233727.3398542 [cartographer_node-3] [INFO] [1741233727.066640313] [cartographer logger]: I20250306 13:02:07.-2147483648  5618 node.cpp:569] Shutdown the subscriber of [imu]
1741233727.3402669 [cartographer_node-3] [INFO] [1741233727.071599276] [cartographer logger]: I20250306 13:02:07.-2147483648  5618 map_builder_bridge.cpp:152] Finishing trajectory with ID '3'...
1741233727.3406889 [cartographer_node-3] [WARN] [1741233727.088435961] [cartographer logger]: W20250306 13:02:07.-2147483648  5618 node.cpp:773] Can't run final optimization if there are one or more active trajectories. Trying to finish trajectory with ID 3 now.
1741233727.3410909 [cartographer_node-3] [INFO] [1741233727.088482054] [cartographer logger]: I20250306 13:02:07.-2147483648  5618 node.cpp:551] Trajectory 3 already pending to finish.
1741233727.3414772 [cartographer_node-3] [INFO] [1741233727.088503850] [cartographer logger]: I20250306 13:02:07.-2147483648  5618 map_builder_bridge.cpp:161] Running final trajectory optimization...
1741233727.3418913 [cartographer_node-3] [INFO] [1741233727.088616776] [cartographer logger]: I20250306 13:02:07.-2147483648  5654 pose_graph_2d.cc:538] Remaining work items in queue: 2
1741233727.3421311 [cartographer_node-3] [INFO] [1741233727.088655906] [cartographer logger]: I20250306 13:02:07.-2147483648  5654 constraint_builder_2d.cc:290] 0 computations resulted in 0 additional constraints.
1741233727.3423808 [cartographer_node-3] [INFO] [1741233727.088706665] [cartographer logger]: I20250306 13:02:07.-2147483648  5654 constraint_builder_2d.cc:292] Score histogram:
1741233727.3427470 [cartographer_node-3] Count: 2  Min: 0.88219  Max: 0.891325  Mean: 0.886758
1741233727.3441901 [cartographer_node-3] [0.882190, 0.883104)	          ##########	Count: 1 (50%)	Total: 1 (50%)
1741233727.3474579 [cartographer_node-3] [0.883104, 0.884017)	                    	Count: 0 (0%)	Total: 1 (50%)
1741233727.3478980 [cartographer_node-3] [0.884017, 0.884931)	                    	Count: 0 (0%)	Total: 1 (50%)
1741233727.3482895 [cartographer_node-3] [0.884931, 0.885844)	                    	Count: 0 (0%)	Total: 1 (50%)
1741233727.3487117 [cartographer_node-3] [0.885844, 0.886758)	                    	Count: 0 (0%)	Total: 1 (50%)
1741233727.3491590 [cartographer_node-3] [0.886758, 0.887671)	                    	Count: 0 (0%)	Total: 1 (50%)
1741233727.3493693 [cartographer_node-3] [0.887671, 0.888585)	                    	Count: 0 (0%)	Total: 1 (50%)
1741233727.3494997 [cartographer_node-3] [0.888585, 0.889498)	                    	Count: 0 (0%)	Total: 1 (50%)
1741233727.3496284 [cartographer_node-3] [0.889498, 0.890412)	                    	Count: 0 (0%)	Total: 1 (50%)
1741233727.3497481 [cartographer_node-3] [0.890412, 0.891325]	          ##########	Count: 1 (50%)	Total: 2 (100%)
1741233727.3499179 [cartographer_node-3] [WARN] [1741233727.089540183] [cartographer logger]: W20250306 13:02:07.-2147483648  5654 preprocessor.cc:67] Specified options.num_threads: 7 exceeds maximum available from the threading model Ceres was compiled with: 4.  Bounding to maximum number available.
1741233727.3500860 [cartographer_node-3] [INFO] [1741233727.098798128] [cartographer logger]: I20250306 13:02:07.-2147483648  5654 pose_graph_2d.cc:538] Remaining work items in queue: 1
1741233727.3501782 [cartographer_node-3] [INFO] [1741233727.099135628] [cartographer logger]: I20250306 13:02:07.-2147483648  5654 constraint_builder_2d.cc:290] 0 computations resulted in 0 additional constraints.
1741233727.3502545 [cartographer_node-3] [INFO] [1741233727.099229239] [cartographer logger]: I20250306 13:02:07.-2147483648  5654 constraint_builder_2d.cc:292] Score histogram:
1741233727.3503280 [cartographer_node-3] Count: 2  Min: 0.88219  Max: 0.891325  Mean: 0.886758
1741233727.3504212 [cartographer_node-3] [0.882190, 0.883104)	          ##########	Count: 1 (50%)	Total: 1 (50%)
1741233727.3505373 [cartographer_node-3] [0.883104, 0.884017)	                    	Count: 0 (0%)	Total: 1 (50%)
1741233727.3506539 [cartographer_node-3] [0.884017, 0.884931)	                    	Count: 0 (0%)	Total: 1 (50%)
1741233727.3507810 [cartographer_node-3] [0.884931, 0.885844)	                    	Count: 0 (0%)	Total: 1 (50%)
1741233727.3520508 [cartographer_node-3] [0.885844, 0.886758)	                    	Count: 0 (0%)	Total: 1 (50%)
1741233727.3523467 [cartographer_node-3] [0.886758, 0.887671)	                    	Count: 0 (0%)	Total: 1 (50%)
1741233727.3526099 [cartographer_node-3] [0.887671, 0.888585)	                    	Count: 0 (0%)	Total: 1 (50%)
1741233727.3529315 [cartographer_node-3] [0.888585, 0.889498)	                    	Count: 0 (0%)	Total: 1 (50%)
1741233727.3531303 [cartographer_node-3] [0.889498, 0.890412)	                    	Count: 0 (0%)	Total: 1 (50%)
1741233727.3533068 [cartographer_node-3] [0.890412, 0.891325]	          ##########	Count: 1 (50%)	Total: 2 (100%)
1741233727.3534799 [cartographer_node-3] [WARN] [1741233727.100034387] [cartographer logger]: W20250306 13:02:07.-2147483648  5654 preprocessor.cc:67] Specified options.num_threads: 7 exceeds maximum available from the threading model Ceres was compiled with: 4.  Bounding to maximum number available.
1741233727.3536673 [cartographer_node-3] [INFO] [1741233727.103087720] [cartographer logger]: I20250306 13:02:07.-2147483648  5653 constraint_builder_2d.cc:290] 0 computations resulted in 0 additional constraints.
1741233727.3539054 [cartographer_node-3] [INFO] [1741233727.103252628] [cartographer logger]: I20250306 13:02:07.-2147483648  5653 constraint_builder_2d.cc:292] Score histogram:
1741233727.3541293 [cartographer_node-3] Count: 2  Min: 0.88219  Max: 0.891325  Mean: 0.886758
1741233727.3543351 [cartographer_node-3] [0.882190, 0.883104)	          ##########	Count: 1 (50%)	Total: 1 (50%)
1741233727.3545482 [cartographer_node-3] [0.883104, 0.884017)	                    	Count: 0 (0%)	Total: 1 (50%)
1741233727.3547518 [cartographer_node-3] [0.884017, 0.884931)	                    	Count: 0 (0%)	Total: 1 (50%)
1741233727.3549917 [cartographer_node-3] [0.884931, 0.885844)	                    	Count: 0 (0%)	Total: 1 (50%)
1741233727.3551650 [cartographer_node-3] [0.885844, 0.886758)	                    	Count: 0 (0%)	Total: 1 (50%)
1741233727.3553376 [cartographer_node-3] [0.886758, 0.887671)	                    	Count: 0 (0%)	Total: 1 (50%)
1741233727.3554997 [cartographer_node-3] [0.887671, 0.888585)	                    	Count: 0 (0%)	Total: 1 (50%)
1741233727.3556862 [cartographer_node-3] [0.888585, 0.889498)	                    	Count: 0 (0%)	Total: 1 (50%)
1741233727.3559165 [cartographer_node-3] [0.889498, 0.890412)	                    	Count: 0 (0%)	Total: 1 (50%)
1741233727.3564138 [cartographer_node-3] [0.890412, 0.891325]	          ##########	Count: 1 (50%)	Total: 2 (100%)
1741233727.3569756 [cartographer_node-3] [INFO] [1741233727.187089720] [cartographer logger]: I20250306 13:02:07.-2147483648  5651 constraint_builder_2d.cc:290] 0 computations resulted in 0 additional constraints.
1741233727.3571825 [cartographer_node-3] [INFO] [1741233727.187243109] [cartographer logger]: I20250306 13:02:07.-2147483648  5651 constraint_builder_2d.cc:292] Score histogram:
1741233727.3577054 [cartographer_node-3] Count: 2  Min: 0.88219  Max: 0.891325  Mean: 0.886758
1741233727.3583708 [cartographer_node-3] [0.882190, 0.883104)	          ##########	Count: 1 (50%)	Total: 1 (50%)
1741233727.3586183 [cartographer_node-3] [0.883104, 0.884017)	                    	Count: 0 (0%)	Total: 1 (50%)
1741233727.3588011 [cartographer_node-3] [0.884017, 0.884931)	                    	Count: 0 (0%)	Total: 1 (50%)
1741233727.3590209 [cartographer_node-3] [0.884931, 0.885844)	                    	Count: 0 (0%)	Total: 1 (50%)
1741233727.3592567 [cartographer_node-3] [0.885844, 0.886758)	                    	Count: 0 (0%)	Total: 1 (50%)
1741233727.3596168 [cartographer_node-3] [0.886758, 0.887671)	                    	Count: 0 (0%)	Total: 1 (50%)
1741233727.3600109 [cartographer_node-3] [0.887671, 0.888585)	                    	Count: 0 (0%)	Total: 1 (50%)
1741233727.3604138 [cartographer_node-3] [0.888585, 0.889498)	                    	Count: 0 (0%)	Total: 1 (50%)
1741233727.3606648 [cartographer_node-3] [0.889498, 0.890412)	                    	Count: 0 (0%)	Total: 1 (50%)
1741233727.3612802 [cartographer_node-3] [0.890412, 0.891325]	          ##########	Count: 1 (50%)	Total: 2 (100%)
1741233727.3616421 [cartographer_node-3] [INFO] [1741233727.302565850] [rclcpp]: signal_handler(signum=2)
1741233727.3625698 [cartographer_node-3] [KOptimizing: Done.     
1741233727.3630033 [cartographer_node-3] [KOptimizing: Done.     
1741233727.3682516 [ERROR] [initialpose.py-2]: process has died [pid 5617, exit code -2, cmd '/home/pinky/pinky_violet/install/pinky_navigation/lib/pinky_navigation/initialpose.py --ros-args -r __node:=initialpose -r __ns:=/'].
1741233727.4934838 [INFO] [cartographer_node-3]: process has finished cleanly [pid 5618]
1741233727.6408145 [WARNING] [launch]: user interrupted with ctrl-c (SIGINT) again, ignoring...
1741233729.2716303 [WARNING] [launch]: user interrupted with ctrl-c (SIGINT) again, ignoring...
1741233729.5196164 [WARNING] [launch]: user interrupted with ctrl-c (SIGINT) again, ignoring...
1741233731.5996811 [ERROR] [component_container_isolated-1]: process has died [pid 5616, exit code -6, cmd '/opt/ros/jazzy/lib/rclcpp_components/component_container_isolated --ros-args --log-level info --ros-args -r __node:=nav2_container -r __ns:=/ --params-file /home/pinky/pinky_violet/install/pinky_navigation/share/pinky_navigation/params/nav2_params.yaml --params-file /tmp/launch_params_jymskgem --params-file /tmp/launch_params_9z_2uc_q --params-file /tmp/launch_params_42ss35g3 -r /tf:=tf -r /tf_static:=tf_static'].
