1741077224.9597812 [INFO] [launch]: All log files can be found below /home/pinky/.ros/log/2025-03-04-17-33-44-940106-raspi-4564
1741077224.9628084 [INFO] [launch]: Default logging verbosity is set to INFO
1741077228.0745323 [INFO] [robot_state_publisher-1]: process started with pid [4568]
1741077228.0761626 [INFO] [sllidar_node-2]: process started with pid [4569]
1741077228.0813806 [INFO] [icm20948_node-3]: process started with pid [4570]
1741077228.0818844 [INFO] [pinky_bringup-4]: process started with pid [4571]
1741077228.0898440 [INFO] [pinky_battery_publiser-5]: process started with pid [4572]
1741077230.6444733 [pinky_bringup-4] [INFO] [1741077230.644043080] [pinky_bringup]: pinky is ready!!
1741077230.8384693 [pinky_bringup-4] Traceback (most recent call last):
1741077230.8402472 [pinky_bringup-4]   File "/home/pinky/pinky_violet/install/pinky_bringup/lib/pinky_bringup/pinky_bringup", line 33, in <module>
1741077230.8409905 [pinky_bringup-4]     sys.exit(load_entry_point('pinky-bringup==0.0.0', 'console_scripts', 'pinky_bringup')())
1741077230.8426766 [pinky_bringup-4]              ^^^^^^^^^^^^^^^^^^^^^^^^^^^^^^^^^^^^^^^^^^^^^^^^^^^^^^^^^^^^^^^^^^^^^^^^^^^^^^
1741077230.8443680 [pinky_bringup-4]   File "/home/pinky/pinky_violet/install/pinky_bringup/lib/python3.12/site-packages/pinky_bringup/pinky_bringup.py", line 82, in main
1741077230.8457999 [pinky_bringup-4]     pinky_bringup_node = PinkyBringup()
1741077230.8476748 [pinky_bringup-4]                          ^^^^^^^^^^^^^^
1741077230.8491814 [pinky_bringup-4]   File "/home/pinky/pinky_violet/install/pinky_bringup/lib/python3.12/site-packages/pinky_bringup/pinky_bringup.py", line 36, in __init__
1741077230.8494663 [pinky_bringup-4]     self.motor_timer = self.create_timer(0.1, self.stop_callback)
1741077230.8496048 [pinky_bringup-4]                                               ^^^^^^^^^^^^^^^^^^
1741077230.8603592 [pinky_bringup-4] AttributeError: 'PinkyBringup' object has no attribute 'stop_callback'
1741077231.5958972 [ERROR] [pinky_bringup-4]: process has died [pid 4571, exit code 1, cmd '/home/pinky/pinky_violet/install/pinky_bringup/lib/pinky_bringup/pinky_bringup --ros-args --params-file /tmp/launch_params_d7rpcwl2'].
1741077251.5208788 [WARNING] [launch]: user interrupted with ctrl-c (SIGINT)
1741077251.5401742 [pinky_battery_publiser-5] Traceback (most recent call last):
1741077251.5405853 [pinky_battery_publiser-5]   File "/home/pinky/pinky_violet/install/pinky_bringup/lib/pinky_bringup/pinky_battery_publiser", line 33, in <module>
1741077251.5484307 [icm20948_node-3] Traceback (most recent call last):
1741077251.5492318 [icm20948_node-3]   File "/home/pinky/pinky_violet/install/ros2_icm20948/lib/ros2_icm20948/icm20948_node", line 33, in <module>
1741077251.5493999 [icm20948_node-3]     sys.exit(load_entry_point('ros2-icm20948==0.0.1', 'console_scripts', 'icm20948_node')())
1741077251.5494781 [icm20948_node-3]              ^^^^^^^^^^^^^^^^^^^^^^^^^^^^^^^^^^^^^^^^^^^^^^^^^^^^^^^^^^^^^^^^^^^^^^^^^^^^^^
1741077251.5495420 [icm20948_node-3]   File "/home/pinky/pinky_violet/install/ros2_icm20948/lib/python3.12/site-packages/ros2_icm20948/icm20948_node.py", line 78, in main
1741077251.5496042 [icm20948_node-3]     rclpy.spin(icm20948_node)
1741077251.5497072 [icm20948_node-3]   File "/opt/ros/jazzy/lib/python3.12/site-packages/rclpy/__init__.py", line 244, in spin
1741077251.5532241 [pinky_battery_publiser-5]     sys.exit(load_entry_point('pinky-bringup==0.0.0', 'console_scripts', 'pinky_battery_publiser')())
1741077251.5547738 [pinky_battery_publiser-5]              ^^^^^^^^^^^^^^^^^^^^^^^^^^^^^^^^^^^^^^^^^^^^^^^^^^^^^^^^^^^^^^^^^^^^^^^^^^^^^^^^^^^^^^^
1741077251.5553129 [pinky_battery_publiser-5]   File "/home/pinky/pinky_violet/install/pinky_bringup/lib/python3.12/site-packages/pinky_bringup/pinky_battery_publiser.py", line 30, in main
1741077251.5556500 [pinky_battery_publiser-5]     rclpy.spin(publisher)
1741077251.5558512 [pinky_battery_publiser-5]   File "/opt/ros/jazzy/lib/python3.12/site-packages/rclpy/__init__.py", line 244, in spin
1741077251.5561583 [pinky_battery_publiser-5]     executor.spin_once()
1741077251.5564325 [pinky_battery_publiser-5]   File "/opt/ros/jazzy/lib/python3.12/site-packages/rclpy/executors.py", line 827, in spin_once
1741077251.5604022 [pinky_battery_publiser-5]     self._spin_once_impl(timeout_sec)
1741077251.5609314 [pinky_battery_publiser-5]   File "/opt/ros/jazzy/lib/python3.12/site-packages/rclpy/executors.py", line 820, in _spin_once_impl
1741077251.5610497 [pinky_battery_publiser-5]     handler()
1741077251.5664184 [icm20948_node-3]     executor.spin_once()
1741077251.5671065 [icm20948_node-3]   File "/opt/ros/jazzy/lib/python3.12/site-packages/rclpy/executors.py", line 827, in spin_once
1741077251.5673630 [icm20948_node-3]     self._spin_once_impl(timeout_sec)
1741077251.5675108 [icm20948_node-3]   File "/opt/ros/jazzy/lib/python3.12/site-packages/rclpy/executors.py", line 811, in _spin_once_impl
1741077251.5684886 [pinky_battery_publiser-5]   File "/opt/ros/jazzy/lib/python3.12/site-packages/rclpy/task.py", line 239, in __call__
1741077251.5738852 [pinky_battery_publiser-5]     self._handler.send(None)
1741077251.5741506 [pinky_battery_publiser-5]   File "/opt/ros/jazzy/lib/python3.12/site-packages/rclpy/executors.py", line 508, in handler
1741077251.5742764 [pinky_battery_publiser-5]     await call_coroutine()
1741077251.5745766 [pinky_battery_publiser-5]   File "/opt/ros/jazzy/lib/python3.12/site-packages/rclpy/executors.py", line 372, in _execute
1741077251.5749595 [pinky_battery_publiser-5]     await await_or_execute(tmr.callback)
1741077251.5751565 [pinky_battery_publiser-5]   File "/opt/ros/jazzy/lib/python3.12/site-packages/rclpy/executors.py", line 111, in await_or_execute
1741077251.5752268 [pinky_battery_publiser-5]     return callback(*args)
1741077251.5752804 [pinky_battery_publiser-5]            ^^^^^^^^^^^^^^^
1741077251.5754242 [pinky_battery_publiser-5]   File "/home/pinky/pinky_violet/install/pinky_bringup/lib/python3.12/site-packages/pinky_bringup/pinky_battery_publiser.py", line 22, in battery_callback
1741077251.5754917 [pinky_battery_publiser-5]     msg.data = self.battery.get_battery()
1741077251.5755467 [pinky_battery_publiser-5]                ^^^^^^^^^^^^^^^^^^^^^^^^^^
1741077251.5795743 [pinky_battery_publiser-5]   File "/home/pinky/pinky_violet/install/pinky_bringup/lib/python3.12/site-packages/pinky_bringup/pinkylib/battery.py", line 29, in get_battery
1741077251.5851076 [icm20948_node-3]     handler, entity, node = self.wait_for_ready_callbacks(
1741077251.5873334 [icm20948_node-3]                             ^^^^^^^^^^^^^^^^^^^^^^^^^^^^^^
1741077251.5876732 [icm20948_node-3]   File "/opt/ros/jazzy/lib/python3.12/site-packages/rclpy/executors.py", line 781, in wait_for_ready_callbacks
1741077251.5881038 [icm20948_node-3]     return next(self._cb_iter)
1741077251.5883534 [icm20948_node-3]            ^^^^^^^^^^^^^^^^^^^
1741077251.5885744 [icm20948_node-3]   File "/opt/ros/jazzy/lib/python3.12/site-packages/rclpy/executors.py", line 685, in _wait_for_ready_callbacks
1741077251.5967989 [icm20948_node-3]     wait_set.wait(timeout_nsec)
1741077251.6004636 [icm20948_node-3] KeyboardInterrupt
1741077251.6074290 [pinky_battery_publiser-5]     time.sleep(0.1)
1741077251.6105943 [pinky_battery_publiser-5] KeyboardInterrupt
1741077251.6807957 [WARNING] [launch]: user interrupted with ctrl-c (SIGINT) again, ignoring...
1741077251.7059867 [ERROR] [icm20948_node-3]: process has died [pid 4570, exit code -2, cmd '/home/pinky/pinky_violet/install/ros2_icm20948/lib/ros2_icm20948/icm20948_node --ros-args -r __node:=icm20948_node --params-file /tmp/launch_params_h9z0pymu --params-file /tmp/launch_params_ikkm9jla --params-file /tmp/launch_params_b9084dmc'].
1741077251.7155311 [ERROR] [pinky_battery_publiser-5]: process has died [pid 4572, exit code -2, cmd '/home/pinky/pinky_violet/install/pinky_bringup/lib/pinky_bringup/pinky_battery_publiser --ros-args'].
1741077251.8474042 [WARNING] [launch]: user interrupted with ctrl-c (SIGINT) again, ignoring...
1741077251.9949954 [WARNING] [launch]: user interrupted with ctrl-c (SIGINT) again, ignoring...
1741077252.1540143 [WARNING] [launch]: user interrupted with ctrl-c (SIGINT) again, ignoring...
1741077252.3021703 [WARNING] [launch]: user interrupted with ctrl-c (SIGINT) again, ignoring...
1741077253.8430057 [INFO] [robot_state_publisher-1]: process has finished cleanly [pid 4568]
1741077254.9347510 [INFO] [sllidar_node-2]: process has finished cleanly [pid 4569]
