1741234233.9022901 [INFO] [launch]: All log files can be found below /home/pinky/.ros/log/2025-03-06-13-10-33-900921-raspi-6035
1741234233.9024925 [INFO] [launch]: Default logging verbosity is set to INFO
1741234235.1861589 [INFO] [component_container_isolated-1]: process started with pid [6056]
1741234235.1864192 [INFO] [initialpose.py-2]: process started with pid [6057]
1741234235.1865208 [INFO] [cartographer_node-3]: process started with pid [6058]
1741234235.3169091 [cartographer_node-3] [INFO] [1741234235.316483584] [cartographer logger]: I20250306 13:10:35.-2147483648  6058 configuration_file_resolver.cc:41] Found '/home/pinky/pinky_violet/install/pinky_cartographer/share/pinky_cartographer/params/initial_pose.lua' for 'initial_pose.lua'.
1741234235.3175800 [cartographer_node-3] [INFO] [1741234235.316913269] [cartographer logger]: I20250306 13:10:35.-2147483648  6058 configuration_file_resolver.cc:41] Found '/opt/ros/jazzy/share/cartographer/configuration_files/map_builder.lua' for 'map_builder.lua'.
1741234235.3177152 [cartographer_node-3] [INFO] [1741234235.316966621] [cartographer logger]: I20250306 13:10:35.-2147483648  6058 configuration_file_resolver.cc:41] Found '/opt/ros/jazzy/share/cartographer/configuration_files/map_builder.lua' for 'map_builder.lua'.
1741234235.3177972 [cartographer_node-3] [INFO] [1741234235.317050751] [cartographer logger]: I20250306 13:10:35.-2147483648  6058 configuration_file_resolver.cc:41] Found '/opt/ros/jazzy/share/cartographer/configuration_files/pose_graph.lua' for 'pose_graph.lua'.
1741234235.3179147 [cartographer_node-3] [INFO] [1741234235.317100251] [cartographer logger]: I20250306 13:10:35.-2147483648  6058 configuration_file_resolver.cc:41] Found '/opt/ros/jazzy/share/cartographer/configuration_files/pose_graph.lua' for 'pose_graph.lua'.
1741234235.3179801 [cartographer_node-3] [INFO] [1741234235.317304288] [cartographer logger]: I20250306 13:10:35.-2147483648  6058 configuration_file_resolver.cc:41] Found '/opt/ros/jazzy/share/cartographer/configuration_files/trajectory_builder.lua' for 'trajectory_builder.lua'.
1741234235.3180420 [cartographer_node-3] [INFO] [1741234235.317350621] [cartographer logger]: I20250306 13:10:35.-2147483648  6058 configuration_file_resolver.cc:41] Found '/opt/ros/jazzy/share/cartographer/configuration_files/trajectory_builder.lua' for 'trajectory_builder.lua'.
1741234235.3183184 [cartographer_node-3] [INFO] [1741234235.317468047] [cartographer logger]: I20250306 13:10:35.-2147483648  6058 configuration_file_resolver.cc:41] Found '/opt/ros/jazzy/share/cartographer/configuration_files/trajectory_builder_2d.lua' for 'trajectory_builder_2d.lua'.
1741234235.3184338 [cartographer_node-3] [INFO] [1741234235.317514529] [cartographer logger]: I20250306 13:10:35.-2147483648  6058 configuration_file_resolver.cc:41] Found '/opt/ros/jazzy/share/cartographer/configuration_files/trajectory_builder_2d.lua' for 'trajectory_builder_2d.lua'.
1741234235.3185117 [cartographer_node-3] [INFO] [1741234235.317695788] [cartographer logger]: I20250306 13:10:35.-2147483648  6058 configuration_file_resolver.cc:41] Found '/opt/ros/jazzy/share/cartographer/configuration_files/trajectory_builder_3d.lua' for 'trajectory_builder_3d.lua'.
1741234235.3185766 [cartographer_node-3] [INFO] [1741234235.317742843] [cartographer logger]: I20250306 13:10:35.-2147483648  6058 configuration_file_resolver.cc:41] Found '/opt/ros/jazzy/share/cartographer/configuration_files/trajectory_builder_3d.lua' for 'trajectory_builder_3d.lua'.
1741234235.3379169 [cartographer_node-3] [INFO] [1741234235.337603843] [cartographer logger]: I20250306 13:10:35.-2147483648  6058 map_builder_bridge.cpp:136] Added trajectory with ID '0'.
1741234235.4802942 [INFO] [launch_ros.actions.load_composable_nodes]: Loaded node '/map_server' in container 'nav2_container'
1741234235.5766566 [INFO] [launch_ros.actions.load_composable_nodes]: Loaded node '/controller_server' in container 'nav2_container'
1741234235.6280949 [INFO] [launch_ros.actions.load_composable_nodes]: Loaded node '/lifecycle_manager_localization' in container 'nav2_container'
1741234235.7060409 [INFO] [launch_ros.actions.load_composable_nodes]: Loaded node '/smoother_server' in container 'nav2_container'
1741234235.8136580 [INFO] [launch_ros.actions.load_composable_nodes]: Loaded node '/planner_server' in container 'nav2_container'
1741234235.8946900 [INFO] [launch_ros.actions.load_composable_nodes]: Loaded node '/behavior_server' in container 'nav2_container'
1741234235.9954109 [INFO] [launch_ros.actions.load_composable_nodes]: Loaded node '/bt_navigator' in container 'nav2_container'
1741234236.1201904 [INFO] [launch_ros.actions.load_composable_nodes]: Loaded node '/waypoint_follower' in container 'nav2_container'
1741234236.1680269 [INFO] [launch_ros.actions.load_composable_nodes]: Loaded node '/velocity_smoother' in container 'nav2_container'
1741234236.2074680 [INFO] [launch_ros.actions.load_composable_nodes]: Loaded node '/lifecycle_manager_navigation' in container 'nav2_container'
1741234237.1315460 [cartographer_node-3] [INFO] [1741234237.130320750] [cartographer logger]: I20250306 13:10:37.-2147483648  6058 ordered_multi_queue.cc:172] All sensor data for trajectory 0 is available starting at '638768310371264693'.
1741234237.2969255 [cartographer_node-3] [INFO] [1741234237.296498305] [cartographer logger]: I20250306 13:10:37.-2147483648  6058 local_trajectory_builder_2d.cc:135] Extrapolator is still initializing.
1741234237.3000443 [cartographer_node-3] [INFO] [1741234237.299581064] [cartographer logger]: I20250306 13:10:37.-2147483648  6058 pose_graph_2d.cc:148] Inserted submap (0, 0).
1741234250.4968414 [cartographer_node-3] [INFO] [1741234250.496470797] [cartographer logger]: I20250306 13:10:50.-2147483648  6058 collated_trajectory_builder.cc:81] imu rate: 5.00 Hz 2.00e-01 s +/- 2.05e-03 s (pulsed at 101.38% real time)
1741234250.4980593 [cartographer_node-3] [INFO] [1741234250.496576371] [cartographer logger]: I20250306 13:10:50.-2147483648  6058 collated_trajectory_builder.cc:81] scan rate: 10.01 Hz 9.99e-02 s +/- 1.31e-03 s (pulsed at 99.91% real time)
1741234265.5088410 [cartographer_node-3] [INFO] [1741234265.506253566] [cartographer logger]: I20250306 13:11:05.-2147483648  6058 collated_trajectory_builder.cc:81] imu rate: 5.00 Hz 2.00e-01 s +/- 2.09e-03 s (pulsed at 100.07% real time)
1741234265.5170369 [cartographer_node-3] [INFO] [1741234265.506476492] [cartographer logger]: I20250306 13:11:05.-2147483648  6058 collated_trajectory_builder.cc:81] scan rate: 10.01 Hz 9.99e-02 s +/- 1.35e-03 s (pulsed at 99.88% real time)
1741234280.5991898 [cartographer_node-3] [INFO] [1741234280.597542890] [cartographer logger]: I20250306 13:11:20.-2147483648  6058 collated_trajectory_builder.cc:81] imu rate: 5.00 Hz 2.00e-01 s +/- 2.17e-03 s (pulsed at 99.42% real time)
1741234280.6000192 [cartographer_node-3] [INFO] [1741234280.597615390] [cartographer logger]: I20250306 13:11:20.-2147483648  6058 collated_trajectory_builder.cc:81] scan rate: 10.01 Hz 9.99e-02 s +/- 1.25e-03 s (pulsed at 101.26% real time)
1741234287.3173430 [cartographer_node-3] [INFO] [1741234287.311131498] [cartographer logger]: I20250306 13:11:27.-2147483648  6058 motion_filter.cc:42] Motion filter reduced the number of nodes to 9.2%.
1741234292.4497302 [cartographer_node-3] [INFO] [1741234292.448675291] [cartographer logger]: I20250306 13:11:32.-2147483648  6058 node.cpp:569] Shutdown the subscriber of [scan]
1741234292.4549704 [cartographer_node-3] [INFO] [1741234292.448745772] [cartographer logger]: I20250306 13:11:32.-2147483648  6058 node.cpp:569] Shutdown the subscriber of [imu]
1741234292.4604344 [cartographer_node-3] [INFO] [1741234292.448784439] [cartographer logger]: I20250306 13:11:32.-2147483648  6058 map_builder_bridge.cpp:152] Finishing trajectory with ID '0'...
1741234292.4674585 [cartographer_node-3] [INFO] [1741234292.464647476] [cartographer logger]: I20250306 13:11:32.-2147483648  6090 pose_graph_2d.cc:538] Remaining work items in queue: 0
1741234292.4792640 [cartographer_node-3] [INFO] [1741234292.478718939] [cartographer logger]: I20250306 13:11:32.-2147483648  6090 constraint_builder_2d.cc:290] 0 computations resulted in 0 additional constraints.
1741234292.4831207 [cartographer_node-3] [INFO] [1741234292.482568476] [cartographer logger]: I20250306 13:11:32.-2147483648  6090 constraint_builder_2d.cc:292] Score histogram:
1741234292.4869580 [cartographer_node-3] Count: 0
1741234292.5073216 [cartographer_node-3] [INFO] [1741234292.492704661] [cartographer logger]: I20250306 13:11:32.-2147483648  6058 configuration_file_resolver.cc:41] Found '/home/pinky/pinky_violet/install/pinky_cartographer/share/pinky_cartographer/params/nav2_cartographer_params.lua' for 'nav2_cartographer_params.lua'.
1741234292.5127063 [cartographer_node-3] [INFO] [1741234292.493497050] [cartographer logger]: I20250306 13:11:32.-2147483648  6058 configuration_file_resolver.cc:41] Found '/opt/ros/jazzy/share/cartographer/configuration_files/map_builder.lua' for 'map_builder.lua'.
1741234292.5135376 [cartographer_node-3] [INFO] [1741234292.493732309] [cartographer logger]: I20250306 13:11:32.-2147483648  6058 configuration_file_resolver.cc:41] Found '/opt/ros/jazzy/share/cartographer/configuration_files/map_builder.lua' for 'map_builder.lua'.
1741234292.5153127 [cartographer_node-3] [INFO] [1741234292.513063754] [cartographer logger]: I20250306 13:11:32.-2147483648  6058 configuration_file_resolver.cc:41] Found '/opt/ros/jazzy/share/cartographer/configuration_files/pose_graph.lua' for 'pose_graph.lua'.
1741234292.5158973 [cartographer_node-3] [INFO] [1741234292.513181420] [cartographer logger]: I20250306 13:11:32.-2147483648  6058 configuration_file_resolver.cc:41] Found '/opt/ros/jazzy/share/cartographer/configuration_files/pose_graph.lua' for 'pose_graph.lua'.
1741234292.5165455 [cartographer_node-3] [INFO] [1741234292.513466328] [cartographer logger]: I20250306 13:11:32.-2147483648  6058 configuration_file_resolver.cc:41] Found '/opt/ros/jazzy/share/cartographer/configuration_files/trajectory_builder.lua' for 'trajectory_builder.lua'.
1741234292.5170846 [cartographer_node-3] [INFO] [1741234292.513529457] [cartographer logger]: I20250306 13:11:32.-2147483648  6058 configuration_file_resolver.cc:41] Found '/opt/ros/jazzy/share/cartographer/configuration_files/trajectory_builder.lua' for 'trajectory_builder.lua'.
1741234292.5176423 [cartographer_node-3] [INFO] [1741234292.513631328] [cartographer logger]: I20250306 13:11:32.-2147483648  6058 configuration_file_resolver.cc:41] Found '/opt/ros/jazzy/share/cartographer/configuration_files/trajectory_builder_2d.lua' for 'trajectory_builder_2d.lua'.
1741234292.5179074 [cartographer_node-3] [INFO] [1741234292.513684420] [cartographer logger]: I20250306 13:11:32.-2147483648  6058 configuration_file_resolver.cc:41] Found '/opt/ros/jazzy/share/cartographer/configuration_files/trajectory_builder_2d.lua' for 'trajectory_builder_2d.lua'.
1741234292.5181115 [cartographer_node-3] [INFO] [1741234292.513988680] [cartographer logger]: I20250306 13:11:32.-2147483648  6058 configuration_file_resolver.cc:41] Found '/opt/ros/jazzy/share/cartographer/configuration_files/trajectory_builder_3d.lua' for 'trajectory_builder_3d.lua'.
1741234292.5199916 [cartographer_node-3] [INFO] [1741234292.514070976] [cartographer logger]: I20250306 13:11:32.-2147483648  6058 configuration_file_resolver.cc:41] Found '/opt/ros/jazzy/share/cartographer/configuration_files/trajectory_builder_3d.lua' for 'trajectory_builder_3d.lua'.
1741234292.5223875 [cartographer_node-3] [INFO] [1741234292.515723494] [cartographer logger]: I20250306 13:11:32.-2147483648  6058 map_builder_bridge.cpp:136] Added trajectory with ID '1'.
1741234292.5261006 [cartographer_node-3] [WARN] [1741234292.525716402] [cartographer logger]: W20250306 13:11:32.-2147483648  6090 preprocessor.cc:67] Specified options.num_threads: 7 exceeds maximum available from the threading model Ceres was compiled with: 4.  Bounding to maximum number available.
1741234292.5966597 [cartographer_node-3] [INFO] [1741234292.596105309] [cartographer logger]: I20250306 13:11:32.-2147483648  6058 ordered_multi_queue.cc:172] All sensor data for trajectory 1 is available starting at '638768310925949830'.
1741234292.6865532 [cartographer_node-3] [INFO] [1741234292.682321531] [cartographer logger]: I20250306 13:11:32.-2147483648  6058 local_trajectory_builder_2d.cc:124] Extrapolator not yet initialized.
1741234292.8085823 [cartographer_node-3] [INFO] [1741234292.801443605] [cartographer logger]: I20250306 13:11:32.-2147483648  6058 local_trajectory_builder_2d.cc:135] Extrapolator is still initializing.
1741234292.8171866 [cartographer_node-3] [INFO] [1741234292.816285698] [cartographer logger]: I20250306 13:11:32.-2147483648  6058 pose_graph_2d.cc:148] Inserted submap (1, 0).
1741234302.6358912 [cartographer_node-3] [INFO] [1741234302.628516859] [cartographer logger]: I20250306 13:11:42.-2147483648  6058 pose_graph_2d.cc:148] Inserted submap (1, 1).
1741234307.6116991 [cartographer_node-3] [INFO] [1741234307.611300189] [cartographer logger]: I20250306 13:11:47.-2147483648  6058 collated_trajectory_builder.cc:81] imu rate: 5.00 Hz 2.00e-01 s +/- 4.04e-03 s (pulsed at 99.90% real time)
1741234307.6119578 [cartographer_node-3] [INFO] [1741234307.611398615] [cartographer logger]: I20250306 13:11:47.-2147483648  6058 collated_trajectory_builder.cc:81] scan rate: 10.01 Hz 9.99e-02 s +/- 2.37e-03 s (pulsed at 99.70% real time)
1741234312.2594197 [cartographer_node-3] [INFO] [1741234312.258716946] [cartographer logger]: I20250306 13:11:52.-2147483648  6058 pose_graph_2d.cc:148] Inserted submap (1, 2).
1741234312.3161869 [cartographer_node-3] [INFO] [1741234312.315680353] [cartographer logger]: I20250306 13:11:52.-2147483648  6090 constraint_builder_2d.cc:275] Node (1, 180) with 182 points on submap (1, 0) differs by translation 0.00 rotation 0.007 with score 89.5%.
1741234312.7037024 [cartographer_node-3] [INFO] [1741234312.697942427] [cartographer logger]: I20250306 13:11:52.-2147483648  6089 constraint_builder_2d.cc:275] Node (1, 183) with 182 points on submap (1, 0) differs by translation 0.00 rotation 0.008 with score 89.7%.
1741234313.0464723 [cartographer_node-3] [INFO] [1741234313.045254816] [cartographer logger]: I20250306 13:11:53.-2147483648  6088 constraint_builder_2d.cc:275] Node (1, 186) with 181 points on submap (1, 0) differs by translation 0.00 rotation 0.007 with score 89.4%.
1741234313.4216700 [cartographer_node-3] [INFO] [1741234313.421194519] [cartographer logger]: I20250306 13:11:53.-2147483648  6088 constraint_builder_2d.cc:275] Node (1, 190) with 184 points on submap (1, 0) differs by translation 0.00 rotation 0.009 with score 89.2%.
1741234313.6233234 [cartographer_node-3] [INFO] [1741234313.622359260] [cartographer logger]: I20250306 13:11:53.-2147483648  6090 constraint_builder_2d.cc:275] Node (1, 193) with 189 points on submap (1, 0) differs by translation 0.00 rotation 0.001 with score 88.7%.
1741234314.0265636 [cartographer_node-3] [INFO] [1741234314.024664389] [cartographer logger]: I20250306 13:11:54.-2147483648  6090 constraint_builder_2d.cc:275] Node (1, 196) with 182 points on submap (1, 0) differs by translation 0.00 rotation 0.006 with score 89.0%.
1741234314.5096271 [cartographer_node-3] [INFO] [1741234314.493707463] [cartographer logger]: I20250306 13:11:54.-2147483648  6089 constraint_builder_2d.cc:275] Node (1, 200) with 179 points on submap (1, 0) differs by translation 0.00 rotation 0.001 with score 88.4%.
1741234315.0605142 [cartographer_node-3] [INFO] [1741234315.056220629] [cartographer logger]: I20250306 13:11:55.-2147483648  6088 constraint_builder_2d.cc:275] Node (1, 203) with 177 points on submap (1, 0) differs by translation 0.00 rotation 0.005 with score 88.8%.
1741234315.4864504 [cartographer_node-3] [INFO] [1741234315.485877833] [cartographer logger]: I20250306 13:11:55.-2147483648  6091 constraint_builder_2d.cc:275] Node (1, 206) with 186 points on submap (1, 0) differs by translation 0.00 rotation 0.002 with score 89.8%.
1741234315.9356055 [cartographer_node-3] [INFO] [1741234315.931153147] [cartographer logger]: I20250306 13:11:55.-2147483648  6088 constraint_builder_2d.cc:275] Node (1, 210) with 186 points on submap (1, 0) differs by translation 0.00 rotation 0.006 with score 89.0%.
1741234316.0274384 [cartographer_node-3] [INFO] [1741234316.024703536] [cartographer logger]: I20250306 13:11:56.-2147483648  6091 constraint_builder_2d.cc:275] Node (1, 213) with 178 points on submap (1, 0) differs by translation 0.00 rotation 0.001 with score 89.1%.
1741234316.6457005 [cartographer_node-3] [INFO] [1741234316.633718165] [cartographer logger]: I20250306 13:11:56.-2147483648  6091 constraint_builder_2d.cc:275] Node (1, 216) with 194 points on submap (1, 0) differs by translation 0.00 rotation 0.006 with score 88.8%.
1741234316.8355920 [cartographer_node-3] [INFO] [1741234316.826086165] [cartographer logger]: I20250306 13:11:56.-2147483648  6090 constraint_builder_2d.cc:275] Node (1, 220) with 200 points on submap (1, 0) differs by translation 0.00 rotation 0.001 with score 88.8%.
1741234317.2365377 [cartographer_node-3] [INFO] [1741234317.235994998] [cartographer logger]: I20250306 13:11:57.-2147483648  6089 constraint_builder_2d.cc:275] Node (1, 223) with 188 points on submap (1, 0) differs by translation 0.00 rotation 0.010 with score 88.2%.
1741234317.4832351 [cartographer_node-3] [INFO] [1741234317.480689850] [cartographer logger]: I20250306 13:11:57.-2147483648  6090 constraint_builder_2d.cc:275] Node (1, 226) with 173 points on submap (1, 0) differs by translation 0.01 rotation 0.010 with score 88.2%.
1741234317.9018011 [cartographer_node-3] [INFO] [1741234317.888410553] [cartographer logger]: I20250306 13:11:57.-2147483648  6090 constraint_builder_2d.cc:275] Node (1, 230) with 194 points on submap (1, 0) differs by translation 0.00 rotation 0.003 with score 89.3%.
1741234318.2603934 [cartographer_node-3] [INFO] [1741234318.247685775] [cartographer logger]: I20250306 13:11:58.-2147483648  6088 constraint_builder_2d.cc:275] Node (1, 233) with 183 points on submap (1, 0) differs by translation 0.01 rotation 0.002 with score 89.1%.
1741234318.5055087 [cartographer_node-3] [INFO] [1741234318.502979220] [cartographer logger]: I20250306 13:11:58.-2147483648  6091 constraint_builder_2d.cc:275] Node (1, 236) with 180 points on submap (1, 0) differs by translation 0.00 rotation 0.003 with score 88.8%.
1741234319.0157144 [cartographer_node-3] [INFO] [1741234319.015267108] [cartographer logger]: I20250306 13:11:59.-2147483648  6088 constraint_builder_2d.cc:275] Node (1, 240) with 183 points on submap (1, 0) differs by translation 0.00 rotation 0.002 with score 89.1%.
1741234319.2349653 [cartographer_node-3] [INFO] [1741234319.232762312] [cartographer logger]: I20250306 13:11:59.-2147483648  6090 constraint_builder_2d.cc:275] Node (1, 243) with 188 points on submap (1, 0) differs by translation 0.00 rotation 0.004 with score 88.1%.
1741234319.6286662 [cartographer_node-3] [INFO] [1741234319.627299849] [cartographer logger]: I20250306 13:11:59.-2147483648  6090 constraint_builder_2d.cc:275] Node (1, 246) with 192 points on submap (1, 0) differs by translation 0.01 rotation 0.000 with score 88.8%.
1741234320.1705163 [cartographer_node-3] [INFO] [1741234320.162434015] [cartographer logger]: I20250306 13:12:00.-2147483648  6089 constraint_builder_2d.cc:275] Node (1, 250) with 194 points on submap (1, 0) differs by translation 0.00 rotation 0.002 with score 88.2%.
1741234320.4404476 [cartographer_node-3] [INFO] [1741234320.439616237] [cartographer logger]: I20250306 13:12:00.-2147483648  6089 constraint_builder_2d.cc:275] Node (1, 253) with 190 points on submap (1, 0) differs by translation 0.00 rotation 0.001 with score 87.7%.
1741234320.8480313 [cartographer_node-3] [INFO] [1741234320.840772144] [cartographer logger]: I20250306 13:12:00.-2147483648  6088 constraint_builder_2d.cc:275] Node (1, 256) with 189 points on submap (1, 0) differs by translation 0.00 rotation 0.002 with score 88.2%.
1741234321.2507246 [cartographer_node-3] [INFO] [1741234321.246805181] [cartographer logger]: I20250306 13:12:01.-2147483648  6090 constraint_builder_2d.cc:275] Node (1, 260) with 187 points on submap (1, 0) differs by translation 0.01 rotation 0.000 with score 88.6%.
1741234321.4665589 [cartographer_node-3] [INFO] [1741234321.458256551] [cartographer logger]: I20250306 13:12:01.-2147483648  6091 constraint_builder_2d.cc:275] Node (1, 263) with 194 points on submap (1, 0) differs by translation 0.00 rotation 0.003 with score 87.8%.
1741234322.0322263 [cartographer_node-3] [INFO] [1741234322.031716440] [cartographer logger]: I20250306 13:12:02.-2147483648  6091 constraint_builder_2d.cc:275] Node (1, 266) with 198 points on submap (1, 0) differs by translation 0.00 rotation 0.005 with score 88.1%.
1741234322.2935572 [cartographer_node-3] [INFO] [1741234322.287507810] [cartographer logger]: I20250306 13:12:02.-2147483648  6090 constraint_builder_2d.cc:275] Node (1, 0) with 177 points on submap (1, 1) differs by translation 0.01 rotation 0.009 with score 89.5%.
1741234322.3322160 [cartographer_node-3] [INFO] [1741234322.331676477] [cartographer logger]: I20250306 13:12:02.-2147483648  6090 constraint_builder_2d.cc:275] Node (1, 13) with 185 points on submap (1, 1) differs by translation 0.00 rotation 0.007 with score 89.9%.
1741234322.3777599 [cartographer_node-3] [INFO] [1741234322.377482588] [cartographer logger]: I20250306 13:12:02.-2147483648  6090 constraint_builder_2d.cc:275] Node (1, 16) with 194 points on submap (1, 1) differs by translation 0.00 rotation 0.010 with score 89.0%.
1741234322.3832932 [cartographer_node-3] [INFO] [1741234322.380728977] [cartographer logger]: I20250306 13:12:02.-2147483648  6090 constraint_builder_2d.cc:275] Node (1, 20) with 175 points on submap (1, 1) differs by translation 0.01 rotation 0.005 with score 89.4%.
1741234322.3850265 [cartographer_node-3] [INFO] [1741234322.384751180] [cartographer logger]: I20250306 13:12:02.-2147483648  6090 constraint_builder_2d.cc:275] Node (1, 23) with 188 points on submap (1, 1) differs by translation 0.00 rotation 0.012 with score 89.6%.
1741234322.3883383 [cartographer_node-3] [INFO] [1741234322.387931106] [cartographer logger]: I20250306 13:12:02.-2147483648  6090 constraint_builder_2d.cc:275] Node (1, 26) with 193 points on submap (1, 1) differs by translation 0.00 rotation 0.008 with score 89.7%.
1741234322.3962986 [cartographer_node-3] [INFO] [1741234322.395923347] [cartographer logger]: I20250306 13:12:02.-2147483648  6090 constraint_builder_2d.cc:275] Node (1, 30) with 183 points on submap (1, 1) differs by translation 0.00 rotation 0.007 with score 89.5%.
1741234322.4027553 [cartographer_node-3] [INFO] [1741234322.399510421] [cartographer logger]: I20250306 13:12:02.-2147483648  6090 constraint_builder_2d.cc:275] Node (1, 33) with 190 points on submap (1, 1) differs by translation 0.00 rotation 0.006 with score 89.9%.
1741234322.4078841 [cartographer_node-3] [INFO] [1741234322.407473495] [cartographer logger]: I20250306 13:12:02.-2147483648  6090 constraint_builder_2d.cc:275] Node (1, 36) with 189 points on submap (1, 1) differs by translation 0.00 rotation 0.005 with score 89.5%.
1741234322.4375293 [cartographer_node-3] [INFO] [1741234322.437102180] [cartographer logger]: I20250306 13:12:02.-2147483648  6090 constraint_builder_2d.cc:275] Node (1, 40) with 196 points on submap (1, 1) differs by translation 0.00 rotation 0.010 with score 89.4%.
1741234322.4492199 [cartographer_node-3] [INFO] [1741234322.448319940] [cartographer logger]: I20250306 13:12:02.-2147483648  6089 constraint_builder_2d.cc:275] Node (1, 10) with 181 points on submap (1, 1) differs by translation 0.00 rotation 0.006 with score 88.9%.
1741234322.4533758 [cartographer_node-3] [INFO] [1741234322.451388125] [cartographer logger]: I20250306 13:12:02.-2147483648  6090 constraint_builder_2d.cc:275] Node (1, 43) with 186 points on submap (1, 1) differs by translation 0.01 rotation 0.013 with score 89.3%.
1741234322.4550874 [cartographer_node-3] [INFO] [1741234322.454795328] [cartographer logger]: I20250306 13:12:02.-2147483648  6088 constraint_builder_2d.cc:275] Node (1, 6) with 183 points on submap (1, 1) differs by translation 0.01 rotation 0.002 with score 88.2%.
1741234322.4589045 [cartographer_node-3] [INFO] [1741234322.457992347] [cartographer logger]: I20250306 13:12:02.-2147483648  6058 pose_graph_2d.cc:148] Inserted submap (1, 3).
1741234322.4650006 [cartographer_node-3] [INFO] [1741234322.463903643] [cartographer logger]: I20250306 13:12:02.-2147483648  6091 constraint_builder_2d.cc:275] Node (1, 3) with 183 points on submap (1, 1) differs by translation 0.00 rotation 0.001 with score 89.4%.
1741234322.4677584 [cartographer_node-3] [INFO] [1741234322.467278865] [cartographer logger]: I20250306 13:12:02.-2147483648  6089 constraint_builder_2d.cc:275] Node (1, 46) with 178 points on submap (1, 1) differs by translation 0.00 rotation 0.000 with score 89.3%.
1741234322.4736428 [cartographer_node-3] [INFO] [1741234322.472062680] [cartographer logger]: I20250306 13:12:02.-2147483648  6088 constraint_builder_2d.cc:275] Node (1, 53) with 179 points on submap (1, 1) differs by translation 0.00 rotation 0.000 with score 89.3%.
1741234322.4833121 [cartographer_node-3] [INFO] [1741234322.482227421] [cartographer logger]: I20250306 13:12:02.-2147483648  6090 constraint_builder_2d.cc:275] Node (1, 50) with 183 points on submap (1, 1) differs by translation 0.00 rotation 0.003 with score 89.7%.
1741234322.5141430 [cartographer_node-3] [INFO] [1741234322.510394199] [cartographer logger]: I20250306 13:12:02.-2147483648  6088 constraint_builder_2d.cc:275] Node (1, 63) with 181 points on submap (1, 1) differs by translation 0.00 rotation 0.005 with score 89.5%.
1741234322.5256674 [cartographer_node-3] [INFO] [1741234322.522491236] [cartographer logger]: I20250306 13:12:02.-2147483648  6088 constraint_builder_2d.cc:275] Node (1, 70) with 187 points on submap (1, 1) differs by translation 0.00 rotation 0.004 with score 88.8%.
1741234322.5364072 [cartographer_node-3] [INFO] [1741234322.534927088] [cartographer logger]: I20250306 13:12:02.-2147483648  6088 constraint_builder_2d.cc:275] Node (1, 73) with 178 points on submap (1, 1) differs by translation 0.01 rotation 0.003 with score 89.1%.
1741234322.5842829 [cartographer_node-3] [INFO] [1741234322.578503810] [cartographer logger]: I20250306 13:12:02.-2147483648  6091 constraint_builder_2d.cc:275] Node (1, 56) with 172 points on submap (1, 1) differs by translation 0.00 rotation 0.003 with score 89.4%.
1741234322.6212938 [cartographer_node-3] [INFO] [1741234322.615234051] [cartographer logger]: I20250306 13:12:02.-2147483648  6058 collated_trajectory_builder.cc:81] imu rate: 5.00 Hz 2.00e-01 s +/- 5.00e-03 s (pulsed at 100.07% real time)
1741234322.6215949 [cartographer_node-3] [INFO] [1741234322.615392976] [cartographer logger]: I20250306 13:12:02.-2147483648  6058 collated_trajectory_builder.cc:81] scan rate: 10.01 Hz 9.99e-02 s +/- 1.50e-03 s (pulsed at 99.24% real time)
1741234322.6323626 [cartographer_node-3] [INFO] [1741234322.631170032] [cartographer logger]: I20250306 13:12:02.-2147483648  6089 constraint_builder_2d.cc:275] Node (1, 60) with 172 points on submap (1, 1) differs by translation 0.00 rotation 0.003 with score 89.7%.
1741234322.6496918 [cartographer_node-3] [INFO] [1741234322.641397921] [cartographer logger]: I20250306 13:12:02.-2147483648  6088 constraint_builder_2d.cc:275] Node (1, 76) with 178 points on submap (1, 1) differs by translation 0.00 rotation 0.007 with score 89.3%.
1741234322.6515265 [cartographer_node-3] [INFO] [1741234322.646123532] [cartographer logger]: I20250306 13:12:02.-2147483648  6090 constraint_builder_2d.cc:275] Node (1, 66) with 176 points on submap (1, 1) differs by translation 0.00 rotation 0.007 with score 89.8%.
1741234322.7625120 [cartographer_node-3] [INFO] [1741234322.726311236] [cartographer logger]: I20250306 13:12:02.-2147483648  6089 constraint_builder_2d.cc:275] Node (1, 83) with 180 points on submap (1, 1) differs by translation 0.00 rotation 0.000 with score 89.4%.
1741234322.8075578 [cartographer_node-3] [INFO] [1741234322.807232643] [cartographer logger]: I20250306 13:12:02.-2147483648  6091 constraint_builder_2d.cc:275] Node (1, 80) with 163 points on submap (1, 1) differs by translation 0.00 rotation 0.008 with score 89.0%.
1741234322.8513610 [cartographer_node-3] [INFO] [1741234322.848390995] [cartographer logger]: I20250306 13:12:02.-2147483648  6090 constraint_builder_2d.cc:275] Node (1, 270) with 189 points on submap (1, 0) differs by translation 0.00 rotation 0.008 with score 88.8%.
1741234322.8573501 [cartographer_node-3] [INFO] [1741234322.855211810] [cartographer logger]: I20250306 13:12:02.-2147483648  6088 constraint_builder_2d.cc:275] Node (1, 86) with 178 points on submap (1, 1) differs by translation 0.00 rotation 0.002 with score 89.3%.
1741234322.8932710 [cartographer_node-3] [INFO] [1741234322.892897143] [cartographer logger]: I20250306 13:12:02.-2147483648  6089 constraint_builder_2d.cc:275] Node (1, 270) with 189 points on submap (1, 1) differs by translation 0.00 rotation 0.007 with score 88.1%.
1741234322.8977149 [cartographer_node-3] [INFO] [1741234322.896808162] [cartographer logger]: I20250306 13:12:02.-2147483648  6090 constraint_builder_2d.cc:275] Node (1, 273) with 198 points on submap (1, 1) differs by translation 0.00 rotation 0.015 with score 87.5%.
1741234322.9036911 [cartographer_node-3] [INFO] [1741234322.903299402] [cartographer logger]: I20250306 13:12:02.-2147483648  6091 constraint_builder_2d.cc:275] Node (1, 273) with 198 points on submap (1, 0) differs by translation 0.00 rotation 0.013 with score 88.7%.
1741234323.0193086 [cartographer_node-3] [INFO] [1741234323.018864291] [cartographer logger]: I20250306 13:12:03.-2147483648  6088 constraint_builder_2d.cc:275] Node (1, 276) with 184 points on submap (1, 0) differs by translation 0.00 rotation 0.007 with score 88.6%.
1741234323.0211298 [cartographer_node-3] [INFO] [1741234323.020656458] [cartographer logger]: I20250306 13:12:03.-2147483648  6090 constraint_builder_2d.cc:275] Node (1, 276) with 184 points on submap (1, 1) differs by translation 0.00 rotation 0.003 with score 89.1%.
1741234323.4293914 [cartographer_node-3] [INFO] [1741234323.427334828] [cartographer logger]: I20250306 13:12:03.-2147483648  6090 constraint_builder_2d.cc:275] Node (1, 280) with 187 points on submap (1, 0) differs by translation 0.01 rotation 0.000 with score 89.5%.
1741234323.4374850 [cartographer_node-3] [INFO] [1741234323.437031346] [cartographer logger]: I20250306 13:12:03.-2147483648  6091 constraint_builder_2d.cc:275] Node (1, 280) with 187 points on submap (1, 1) differs by translation 0.00 rotation 0.000 with score 90.0%.
1741234323.6351213 [cartographer_node-3] [INFO] [1741234323.633511735] [cartographer logger]: I20250306 13:12:03.-2147483648  6089 constraint_builder_2d.cc:275] Node (1, 283) with 190 points on submap (1, 0) differs by translation 0.00 rotation 0.004 with score 89.5%.
1741234323.6386120 [cartographer_node-3] [INFO] [1741234323.638283328] [cartographer logger]: I20250306 13:12:03.-2147483648  6090 constraint_builder_2d.cc:275] Node (1, 283) with 190 points on submap (1, 1) differs by translation 0.00 rotation 0.005 with score 89.1%.
1741234324.0170312 [cartographer_node-3] [INFO] [1741234324.014527661] [cartographer logger]: I20250306 13:12:04.-2147483648  6091 constraint_builder_2d.cc:275] Node (1, 286) with 180 points on submap (1, 0) differs by translation 0.00 rotation 0.001 with score 88.7%.
1741234324.0219498 [cartographer_node-3] [INFO] [1741234324.021422865] [cartographer logger]: I20250306 13:12:04.-2147483648  6091 constraint_builder_2d.cc:275] Node (1, 286) with 180 points on submap (1, 1) differs by translation 0.00 rotation 0.001 with score 89.9%.
1741234324.4486976 [cartographer_node-3] [INFO] [1741234324.448156827] [cartographer logger]: I20250306 13:12:04.-2147483648  6088 constraint_builder_2d.cc:275] Node (1, 290) with 187 points on submap (1, 0) differs by translation 0.00 rotation 0.001 with score 88.9%.
1741234324.4516246 [cartographer_node-3] [INFO] [1741234324.450722198] [cartographer logger]: I20250306 13:12:04.-2147483648  6091 constraint_builder_2d.cc:275] Node (1, 290) with 187 points on submap (1, 1) differs by translation 0.00 rotation 0.002 with score 89.4%.
1741234324.6626515 [cartographer_node-3] [INFO] [1741234324.657048679] [cartographer logger]: I20250306 13:12:04.-2147483648  6091 constraint_builder_2d.cc:275] Node (1, 293) with 193 points on submap (1, 0) differs by translation 0.00 rotation 0.001 with score 88.8%.
1741234324.6691723 [cartographer_node-3] [INFO] [1741234324.659680716] [cartographer logger]: I20250306 13:12:04.-2147483648  6090 constraint_builder_2d.cc:275] Node (1, 293) with 193 points on submap (1, 1) differs by translation 0.00 rotation 0.001 with score 89.4%.
1741234325.0316088 [cartographer_node-3] [INFO] [1741234325.031162605] [cartographer logger]: I20250306 13:12:05.-2147483648  6090 constraint_builder_2d.cc:275] Node (1, 296) with 185 points on submap (1, 0) differs by translation 0.00 rotation 0.003 with score 88.7%.
1741234325.0352294 [cartographer_node-3] [INFO] [1741234325.034906697] [cartographer logger]: I20250306 13:12:05.-2147483648  6090 constraint_builder_2d.cc:275] Node (1, 296) with 185 points on submap (1, 1) differs by translation 0.00 rotation 0.005 with score 89.0%.
1741234325.0584888 [cartographer_node-3] [INFO] [1741234325.057461290] [cartographer logger]: I20250306 13:12:05.-2147483648  6058 node.cpp:569] Shutdown the subscriber of [scan]
1741234325.0587461 [cartographer_node-3] [INFO] [1741234325.057535845] [cartographer logger]: I20250306 13:12:05.-2147483648  6058 node.cpp:569] Shutdown the subscriber of [imu]
1741234325.0589538 [cartographer_node-3] [INFO] [1741234325.057567623] [cartographer logger]: I20250306 13:12:05.-2147483648  6058 map_builder_bridge.cpp:152] Finishing trajectory with ID '1'...
1741234325.0705547 [cartographer_node-3] [INFO] [1741234325.066528864] [cartographer logger]: I20250306 13:12:05.-2147483648  6091 pose_graph_2d.cc:538] Remaining work items in queue: 0
1741234325.1202698 [cartographer_node-3] [INFO] [1741234325.076058457] [cartographer logger]: I20250306 13:12:05.-2147483648  6091 constraint_builder_2d.cc:290] 73 computations resulted in 72 additional constraints.
1741234325.1205428 [cartographer_node-3] [INFO] [1741234325.076492160] [cartographer logger]: I20250306 13:12:05.-2147483648  6091 constraint_builder_2d.cc:292] Score histogram:
1741234325.1211069 [cartographer_node-3] Count: 72  Min: 0.874585  Max: 0.899547  Mean: 0.890356
1741234325.1213703 [cartographer_node-3] [0.874585, 0.877081)	                   #	Count: 2 (2.77778%)	Total: 2 (2.77778%)
1741234325.1215127 [cartographer_node-3] [0.877081, 0.879577)	                    	Count: 1 (1.38889%)	Total: 3 (4.16667%)
1741234325.1216269 [cartographer_node-3] [0.879577, 0.882074)	                  ##	Count: 6 (8.33333%)	Total: 9 (12.5%)
1741234325.1217332 [cartographer_node-3] [0.882074, 0.884570)	                   #	Count: 3 (4.16667%)	Total: 12 (16.6667%)
1741234325.1218126 [cartographer_node-3] [0.884570, 0.887066)	                  ##	Count: 6 (8.33333%)	Total: 18 (25%)
1741234325.1219437 [cartographer_node-3] [0.887066, 0.889562)	                 ###	Count: 10 (13.8889%)	Total: 28 (38.8889%)
1741234325.1220348 [cartographer_node-3] [0.889562, 0.892058)	                 ###	Count: 12 (16.6667%)	Total: 40 (55.5556%)
1741234325.1221082 [cartographer_node-3] [0.892058, 0.894555)	                ####	Count: 14 (19.4444%)	Total: 54 (75%)
1741234325.1221755 [cartographer_node-3] [0.894555, 0.897051)	                 ###	Count: 10 (13.8889%)	Total: 64 (88.8889%)
1741234325.1222525 [cartographer_node-3] [0.897051, 0.899547]	                  ##	Count: 8 (11.1111%)	Total: 72 (100%)
1741234325.1223221 [cartographer_node-3] [WARN] [1741234325.079397586] [cartographer logger]: W20250306 13:12:05.-2147483648  6091 preprocessor.cc:67] Specified options.num_threads: 7 exceeds maximum available from the threading model Ceres was compiled with: 4.  Bounding to maximum number available.
1741234325.1234765 [cartographer_node-3] [INFO] [1741234325.118214327] [cartographer logger]: I20250306 13:12:05.-2147483648  6058 configuration_file_resolver.cc:41] Found '/home/pinky/pinky_violet/install/pinky_cartographer/share/pinky_cartographer/params/nav2_cartographer_params.lua' for 'nav2_cartographer_params.lua'.
1741234325.1237929 [cartographer_node-3] [INFO] [1741234325.118557179] [cartographer logger]: I20250306 13:12:05.-2147483648  6058 configuration_file_resolver.cc:41] Found '/opt/ros/jazzy/share/cartographer/configuration_files/map_builder.lua' for 'map_builder.lua'.
1741234325.1244166 [cartographer_node-3] [INFO] [1741234325.118603808] [cartographer logger]: I20250306 13:12:05.-2147483648  6058 configuration_file_resolver.cc:41] Found '/opt/ros/jazzy/share/cartographer/configuration_files/map_builder.lua' for 'map_builder.lua'.
1741234325.1245172 [cartographer_node-3] [INFO] [1741234325.118674827] [cartographer logger]: I20250306 13:12:05.-2147483648  6058 configuration_file_resolver.cc:41] Found '/opt/ros/jazzy/share/cartographer/configuration_files/pose_graph.lua' for 'pose_graph.lua'.
1741234325.1245885 [cartographer_node-3] [INFO] [1741234325.118815660] [cartographer logger]: I20250306 13:12:05.-2147483648  6058 configuration_file_resolver.cc:41] Found '/opt/ros/jazzy/share/cartographer/configuration_files/pose_graph.lua' for 'pose_graph.lua'.
1741234325.1246419 [cartographer_node-3] [INFO] [1741234325.119258234] [cartographer logger]: I20250306 13:12:05.-2147483648  6058 configuration_file_resolver.cc:41] Found '/opt/ros/jazzy/share/cartographer/configuration_files/trajectory_builder.lua' for 'trajectory_builder.lua'.
1741234325.1247032 [cartographer_node-3] [INFO] [1741234325.119339086] [cartographer logger]: I20250306 13:12:05.-2147483648  6058 configuration_file_resolver.cc:41] Found '/opt/ros/jazzy/share/cartographer/configuration_files/trajectory_builder.lua' for 'trajectory_builder.lua'.
1741234325.1247592 [cartographer_node-3] [INFO] [1741234325.119424234] [cartographer logger]: I20250306 13:12:05.-2147483648  6058 configuration_file_resolver.cc:41] Found '/opt/ros/jazzy/share/cartographer/configuration_files/trajectory_builder_2d.lua' for 'trajectory_builder_2d.lua'.
1741234325.1248317 [cartographer_node-3] [INFO] [1741234325.119463660] [cartographer logger]: I20250306 13:12:05.-2147483648  6058 configuration_file_resolver.cc:41] Found '/opt/ros/jazzy/share/cartographer/configuration_files/trajectory_builder_2d.lua' for 'trajectory_builder_2d.lua'.
1741234325.1249275 [cartographer_node-3] [INFO] [1741234325.119782938] [cartographer logger]: I20250306 13:12:05.-2147483648  6058 configuration_file_resolver.cc:41] Found '/opt/ros/jazzy/share/cartographer/configuration_files/trajectory_builder_3d.lua' for 'trajectory_builder_3d.lua'.
1741234325.1250093 [cartographer_node-3] [INFO] [1741234325.120063827] [cartographer logger]: I20250306 13:12:05.-2147483648  6058 configuration_file_resolver.cc:41] Found '/opt/ros/jazzy/share/cartographer/configuration_files/trajectory_builder_3d.lua' for 'trajectory_builder_3d.lua'.
1741234325.1258736 [cartographer_node-3] [INFO] [1741234325.122659401] [cartographer logger]: I20250306 13:12:05.-2147483648  6058 map_builder_bridge.cpp:136] Added trajectory with ID '2'.
1741234325.2046006 [cartographer_node-3] [INFO] [1741234325.204052975] [cartographer logger]: I20250306 13:12:05.-2147483648  6058 ordered_multi_queue.cc:172] All sensor data for trajectory 2 is available starting at '638768311251980481'.
1741234325.2562459 [cartographer_node-3] [INFO] [1741234325.254978308] [cartographer logger]: I20250306 13:12:05.-2147483648  6058 local_trajectory_builder_2d.cc:124] Extrapolator not yet initialized.
1741234325.3996501 [cartographer_node-3] [INFO] [1741234325.398337753] [cartographer logger]: I20250306 13:12:05.-2147483648  6058 local_trajectory_builder_2d.cc:135] Extrapolator is still initializing.
1741234325.4064589 [cartographer_node-3] [INFO] [1741234325.403444845] [cartographer logger]: I20250306 13:12:05.-2147483648  6058 pose_graph_2d.cc:148] Inserted submap (2, 0).
1741234336.0714014 [cartographer_node-3] [INFO] [1741234336.068243709] [cartographer logger]: I20250306 13:12:16.-2147483648  6058 pose_graph_2d.cc:148] Inserted submap (2, 1).
1741234340.2143834 [cartographer_node-3] [INFO] [1741234340.212913651] [cartographer logger]: I20250306 13:12:20.-2147483648  6058 collated_trajectory_builder.cc:81] imu rate: 5.00 Hz 2.00e-01 s +/- 5.33e-03 s (pulsed at 99.89% real time)
1741234340.2166500 [cartographer_node-3] [INFO] [1741234340.212993873] [cartographer logger]: I20250306 13:12:20.-2147483648  6058 collated_trajectory_builder.cc:81] scan rate: 10.01 Hz 9.99e-02 s +/- 1.41e-03 s (pulsed at 99.52% real time)
1741234343.1129491 [cartographer_node-3] [INFO] [1741234343.106997538] [cartographer logger]: I20250306 13:12:23.-2147483648  6058 node.cpp:569] Shutdown the subscriber of [scan]
1741234343.1133480 [cartographer_node-3] [INFO] [1741234343.107103057] [cartographer logger]: I20250306 13:12:23.-2147483648  6058 node.cpp:569] Shutdown the subscriber of [imu]
1741234343.1135690 [cartographer_node-3] [INFO] [1741234343.107204261] [cartographer logger]: I20250306 13:12:23.-2147483648  6058 map_builder_bridge.cpp:152] Finishing trajectory with ID '2'...
1741234343.1138723 [cartographer_node-3] [INFO] [1741234343.110777594] [cartographer logger]: I20250306 13:12:23.-2147483648  6090 pose_graph_2d.cc:538] Remaining work items in queue: 0
1741234343.1154714 [cartographer_node-3] [INFO] [1741234343.113589020] [cartographer logger]: I20250306 13:12:23.-2147483648  6090 constraint_builder_2d.cc:290] 0 computations resulted in 0 additional constraints.
1741234343.1161966 [cartographer_node-3] [INFO] [1741234343.113699742] [cartographer logger]: I20250306 13:12:23.-2147483648  6090 constraint_builder_2d.cc:292] Score histogram:
1741234343.1166940 [cartographer_node-3] Count: 72  Min: 0.874585  Max: 0.899547  Mean: 0.890356
1741234343.1169810 [cartographer_node-3] [0.874585, 0.877081)	                   #	Count: 2 (2.77778%)	Total: 2 (2.77778%)
1741234343.1173902 [cartographer_node-3] [0.877081, 0.879577)	                    	Count: 1 (1.38889%)	Total: 3 (4.16667%)
1741234343.1180007 [cartographer_node-3] [0.879577, 0.882074)	                  ##	Count: 6 (8.33333%)	Total: 9 (12.5%)
1741234343.1189163 [cartographer_node-3] [0.882074, 0.884570)	                   #	Count: 3 (4.16667%)	Total: 12 (16.6667%)
1741234343.1191730 [cartographer_node-3] [0.884570, 0.887066)	                  ##	Count: 6 (8.33333%)	Total: 18 (25%)
1741234343.1199615 [cartographer_node-3] [0.887066, 0.889562)	                 ###	Count: 10 (13.8889%)	Total: 28 (38.8889%)
1741234343.1203787 [cartographer_node-3] [0.889562, 0.892058)	                 ###	Count: 12 (16.6667%)	Total: 40 (55.5556%)
1741234343.1206460 [cartographer_node-3] [0.892058, 0.894555)	                ####	Count: 14 (19.4444%)	Total: 54 (75%)
1741234343.1210940 [cartographer_node-3] [0.894555, 0.897051)	                 ###	Count: 10 (13.8889%)	Total: 64 (88.8889%)
1741234343.1212840 [cartographer_node-3] [0.897051, 0.899547]	                  ##	Count: 8 (11.1111%)	Total: 72 (100%)
1741234343.1254876 [cartographer_node-3] [WARN] [1741234343.123254983] [cartographer logger]: W20250306 13:12:23.-2147483648  6090 preprocessor.cc:67] Specified options.num_threads: 7 exceeds maximum available from the threading model Ceres was compiled with: 4.  Bounding to maximum number available.
1741234343.1414473 [cartographer_node-3] [INFO] [1741234343.140415686] [cartographer logger]: I20250306 13:12:23.-2147483648  6058 configuration_file_resolver.cc:41] Found '/home/pinky/pinky_violet/install/pinky_cartographer/share/pinky_cartographer/params/nav2_cartographer_params.lua' for 'nav2_cartographer_params.lua'.
1741234343.1428161 [cartographer_node-3] [INFO] [1741234343.141637261] [cartographer logger]: I20250306 13:12:23.-2147483648  6058 configuration_file_resolver.cc:41] Found '/opt/ros/jazzy/share/cartographer/configuration_files/map_builder.lua' for 'map_builder.lua'.
1741234343.1440096 [cartographer_node-3] [INFO] [1741234343.142303575] [cartographer logger]: I20250306 13:12:23.-2147483648  6058 configuration_file_resolver.cc:41] Found '/opt/ros/jazzy/share/cartographer/configuration_files/map_builder.lua' for 'map_builder.lua'.
1741234343.1444454 [cartographer_node-3] [INFO] [1741234343.142531224] [cartographer logger]: I20250306 13:12:23.-2147483648  6058 configuration_file_resolver.cc:41] Found '/opt/ros/jazzy/share/cartographer/configuration_files/pose_graph.lua' for 'pose_graph.lua'.
1741234343.1446388 [cartographer_node-3] [INFO] [1741234343.142611131] [cartographer logger]: I20250306 13:12:23.-2147483648  6058 configuration_file_resolver.cc:41] Found '/opt/ros/jazzy/share/cartographer/configuration_files/pose_graph.lua' for 'pose_graph.lua'.
1741234343.1447625 [cartographer_node-3] [INFO] [1741234343.142981501] [cartographer logger]: I20250306 13:12:23.-2147483648  6058 configuration_file_resolver.cc:41] Found '/opt/ros/jazzy/share/cartographer/configuration_files/trajectory_builder.lua' for 'trajectory_builder.lua'.
1741234343.1450489 [cartographer_node-3] [INFO] [1741234343.143074761] [cartographer logger]: I20250306 13:12:23.-2147483648  6058 configuration_file_resolver.cc:41] Found '/opt/ros/jazzy/share/cartographer/configuration_files/trajectory_builder.lua' for 'trajectory_builder.lua'.
1741234343.1460917 [cartographer_node-3] [INFO] [1741234343.143430224] [cartographer logger]: I20250306 13:12:23.-2147483648  6058 configuration_file_resolver.cc:41] Found '/opt/ros/jazzy/share/cartographer/configuration_files/trajectory_builder_2d.lua' for 'trajectory_builder_2d.lua'.
1741234343.1464458 [cartographer_node-3] [INFO] [1741234343.143925649] [cartographer logger]: I20250306 13:12:23.-2147483648  6058 configuration_file_resolver.cc:41] Found '/opt/ros/jazzy/share/cartographer/configuration_files/trajectory_builder_2d.lua' for 'trajectory_builder_2d.lua'.
1741234343.1467144 [cartographer_node-3] [INFO] [1741234343.144927594] [cartographer logger]: I20250306 13:12:23.-2147483648  6058 configuration_file_resolver.cc:41] Found '/opt/ros/jazzy/share/cartographer/configuration_files/trajectory_builder_3d.lua' for 'trajectory_builder_3d.lua'.
1741234343.1468165 [cartographer_node-3] [INFO] [1741234343.145407001] [cartographer logger]: I20250306 13:12:23.-2147483648  6058 configuration_file_resolver.cc:41] Found '/opt/ros/jazzy/share/cartographer/configuration_files/trajectory_builder_3d.lua' for 'trajectory_builder_3d.lua'.
1741234343.1481714 [cartographer_node-3] [INFO] [1741234343.147798390] [cartographer logger]: I20250306 13:12:23.-2147483648  6058 map_builder_bridge.cpp:136] Added trajectory with ID '3'.
1741234343.2397947 [cartographer_node-3] [INFO] [1741234343.239491446] [cartographer logger]: I20250306 13:12:23.-2147483648  6058 ordered_multi_queue.cc:172] All sensor data for trajectory 3 is available starting at '638768311432317842'.
1741234343.4076400 [cartographer_node-3] [INFO] [1741234343.403395260] [cartographer logger]: I20250306 13:12:23.-2147483648  6058 local_trajectory_builder_2d.cc:135] Extrapolator is still initializing.
1741234343.4195895 [cartographer_node-3] [INFO] [1741234343.417168834] [cartographer logger]: I20250306 13:12:23.-2147483648  6058 pose_graph_2d.cc:148] Inserted submap (3, 0).
1741234353.0230348 [cartographer_node-3] [INFO] [1741234353.022311607] [cartographer logger]: I20250306 13:12:33.-2147483648  6058 pose_graph_2d.cc:148] Inserted submap (3, 1).
1741234358.1973662 [cartographer_node-3] [INFO] [1741234358.195998603] [cartographer logger]: I20250306 13:12:38.-2147483648  6058 collated_trajectory_builder.cc:81] imu rate: 5.00 Hz 2.00e-01 s +/- 4.87e-03 s (pulsed at 101.25% real time)
1741234358.1976688 [cartographer_node-3] [INFO] [1741234358.196093548] [cartographer logger]: I20250306 13:12:38.-2147483648  6058 collated_trajectory_builder.cc:81] scan rate: 10.01 Hz 9.99e-02 s +/- 1.62e-03 s (pulsed at 99.95% real time)
1741234359.6472893 [WARNING] [launch]: user interrupted with ctrl-c (SIGINT)
1741234359.8207831 [WARNING] [launch]: user interrupted with ctrl-c (SIGINT) again, ignoring...
1741234359.8304067 [cartographer_node-3] [INFO] [1741234359.647381399] [rclcpp]: signal_handler(signum=2)
1741234359.8310268 [cartographer_node-3] [INFO] [1741234359.715976973] [cartographer logger]: I20250306 13:12:39.-2147483648  6058 node.cpp:569] Shutdown the subscriber of [scan]
1741234359.8317583 [cartographer_node-3] [INFO] [1741234359.754771214] [cartographer logger]: I20250306 13:12:39.-2147483648  6058 node.cpp:569] Shutdown the subscriber of [imu]
1741234359.8321612 [cartographer_node-3] [INFO] [1741234359.754873380] [cartographer logger]: I20250306 13:12:39.-2147483648  6058 map_builder_bridge.cpp:152] Finishing trajectory with ID '3'...
1741234359.8324759 [cartographer_node-3] [WARN] [1741234359.798248640] [cartographer logger]: W20250306 13:12:39.-2147483648  6058 node.cpp:773] Can't run final optimization if there are one or more active trajectories. Trying to finish trajectory with ID 3 now.
1741234359.8327999 [cartographer_node-3] [INFO] [1741234359.798417251] [cartographer logger]: I20250306 13:12:39.-2147483648  6058 node.cpp:551] Trajectory 3 already pending to finish.
1741234359.8331077 [cartographer_node-3] [INFO] [1741234359.798518214] [cartographer logger]: I20250306 13:12:39.-2147483648  6058 map_builder_bridge.cpp:161] Running final trajectory optimization...
1741234359.8334415 [cartographer_node-3] [INFO] [1741234359.805960936] [cartographer logger]: I20250306 13:12:39.-2147483648  6089 pose_graph_2d.cc:538] Remaining work items in queue: 2
1741234359.8336365 [cartographer_node-3] [INFO] [1741234359.806048028] [cartographer logger]: I20250306 13:12:39.-2147483648  6089 constraint_builder_2d.cc:290] 0 computations resulted in 0 additional constraints.
1741234359.8339682 [cartographer_node-3] [INFO] [1741234359.806122269] [cartographer logger]: I20250306 13:12:39.-2147483648  6089 constraint_builder_2d.cc:292] Score histogram:
1741234359.8341680 [cartographer_node-3] Count: 72  Min: 0.874585  Max: 0.899547  Mean: 0.890356
1741234359.8343596 [cartographer_node-3] [0.874585, 0.877081)	                   #	Count: 2 (2.77778%)	Total: 2 (2.77778%)
1741234359.8347607 [cartographer_node-3] [0.877081, 0.879577)	                    	Count: 1 (1.38889%)	Total: 3 (4.16667%)
1741234359.8350995 [cartographer_node-3] [0.879577, 0.882074)	                  ##	Count: 6 (8.33333%)	Total: 9 (12.5%)
1741234359.8356283 [cartographer_node-3] [0.882074, 0.884570)	                   #	Count: 3 (4.16667%)	Total: 12 (16.6667%)
1741234359.8359632 [cartographer_node-3] [0.884570, 0.887066)	                  ##	Count: 6 (8.33333%)	Total: 18 (25%)
1741234359.8362491 [cartographer_node-3] [0.887066, 0.889562)	                 ###	Count: 10 (13.8889%)	Total: 28 (38.8889%)
1741234359.8366849 [cartographer_node-3] [0.889562, 0.892058)	                 ###	Count: 12 (16.6667%)	Total: 40 (55.5556%)
1741234359.8371820 [cartographer_node-3] [0.892058, 0.894555)	                ####	Count: 14 (19.4444%)	Total: 54 (75%)
1741234359.8373268 [cartographer_node-3] [0.894555, 0.897051)	                 ###	Count: 10 (13.8889%)	Total: 64 (88.8889%)
1741234359.8376417 [cartographer_node-3] [0.897051, 0.899547]	                  ##	Count: 8 (11.1111%)	Total: 72 (100%)
1741234359.8382742 [cartographer_node-3] [WARN] [1741234359.812285010] [cartographer logger]: W20250306 13:12:39.-2147483648  6089 preprocessor.cc:67] Specified options.num_threads: 7 exceeds maximum available from the threading model Ceres was compiled with: 4.  Bounding to maximum number available.
1741234359.8385909 [cartographer_node-3] [INFO] [1741234359.817879362] [rclcpp]: signal_handler(signum=2)
1741234359.8510971 [WARNING] [launch]: user interrupted with ctrl-c (SIGINT) again, ignoring...
1741234359.8560886 [cartographer_node-3] [INFO] [1741234359.849326880] [rclcpp]: signal_handler(signum=2)
1741234359.9082048 [ERROR] [initialpose.py-2]: process has died [pid 6057, exit code -2, cmd '/home/pinky/pinky_violet/install/pinky_navigation/lib/pinky_navigation/initialpose.py --ros-args -r __node:=initialpose -r __ns:=/'].
1741234359.9156735 [cartographer_node-3] [INFO] [1741234359.910405176] [cartographer logger]: I20250306 13:12:39.-2147483648  6089 pose_graph_2d.cc:538] Remaining work items in queue: 1
1741234359.9199078 [cartographer_node-3] [INFO] [1741234359.910498214] [cartographer logger]: I20250306 13:12:39.-2147483648  6089 constraint_builder_2d.cc:290] 0 computations resulted in 0 additional constraints.
1741234359.9214706 [cartographer_node-3] [INFO] [1741234359.910569065] [cartographer logger]: I20250306 13:12:39.-2147483648  6089 constraint_builder_2d.cc:292] Score histogram:
1741234359.9243340 [cartographer_node-3] Count: 72  Min: 0.874585  Max: 0.899547  Mean: 0.890356
1741234359.9250464 [cartographer_node-3] [0.874585, 0.877081)	                   #	Count: 2 (2.77778%)	Total: 2 (2.77778%)
1741234359.9257843 [cartographer_node-3] [0.877081, 0.879577)	                    	Count: 1 (1.38889%)	Total: 3 (4.16667%)
1741234359.9268794 [cartographer_node-3] [0.879577, 0.882074)	                  ##	Count: 6 (8.33333%)	Total: 9 (12.5%)
1741234359.9275591 [cartographer_node-3] [0.882074, 0.884570)	                   #	Count: 3 (4.16667%)	Total: 12 (16.6667%)
1741234359.9292936 [cartographer_node-3] [0.884570, 0.887066)	                  ##	Count: 6 (8.33333%)	Total: 18 (25%)
1741234359.9332621 [cartographer_node-3] [0.887066, 0.889562)	                 ###	Count: 10 (13.8889%)	Total: 28 (38.8889%)
1741234359.9345818 [cartographer_node-3] [0.889562, 0.892058)	                 ###	Count: 12 (16.6667%)	Total: 40 (55.5556%)
1741234359.9364674 [cartographer_node-3] [0.892058, 0.894555)	                ####	Count: 14 (19.4444%)	Total: 54 (75%)
1741234359.9387379 [cartographer_node-3] [0.894555, 0.897051)	                 ###	Count: 10 (13.8889%)	Total: 64 (88.8889%)
1741234359.9411323 [cartographer_node-3] [0.897051, 0.899547]	                  ##	Count: 8 (11.1111%)	Total: 72 (100%)
1741234359.9458950 [cartographer_node-3] [WARN] [1741234359.945527547] [cartographer logger]: W20250306 13:12:39.-2147483648  6089 preprocessor.cc:67] Specified options.num_threads: 7 exceeds maximum available from the threading model Ceres was compiled with: 4.  Bounding to maximum number available.
1741234359.9640203 [cartographer_node-3] [INFO] [1741234359.960185288] [cartographer logger]: I20250306 13:12:39.-2147483648  6091 constraint_builder_2d.cc:290] 0 computations resulted in 0 additional constraints.
1741234359.9738359 [cartographer_node-3] [INFO] [1741234359.960374510] [cartographer logger]: I20250306 13:12:39.-2147483648  6091 constraint_builder_2d.cc:292] Score histogram:
1741234359.9762359 [cartographer_node-3] Count: 72  Min: 0.874585  Max: 0.899547  Mean: 0.890356
1741234359.9787114 [cartographer_node-3] [0.874585, 0.877081)	                   #	Count: 2 (2.77778%)	Total: 2 (2.77778%)
1741234359.9814236 [cartographer_node-3] [0.877081, 0.879577)	                    	Count: 1 (1.38889%)	Total: 3 (4.16667%)
1741234359.9843078 [cartographer_node-3] [0.879577, 0.882074)	                  ##	Count: 6 (8.33333%)	Total: 9 (12.5%)
1741234359.9897912 [cartographer_node-3] [0.882074, 0.884570)	                   #	Count: 3 (4.16667%)	Total: 12 (16.6667%)
1741234359.9966497 [WARNING] [launch]: user interrupted with ctrl-c (SIGINT) again, ignoring...
1741234360.0000536 [cartographer_node-3] [KOptimizing: Done.     
1741234360.0226533 [cartographer_node-3] [INFO] [1741234359.960374510] [cartographer logger]: I20250306 13:12:39.-2147483648  6091 constraint_builder_2d.cc:292] Score histogram:
1741234360.0234315 [cartographer_node-3] Count: 72  Min: 0.874585  Max: 0.899547  Mean: 0.890356
1741234360.0238996 [cartographer_node-3] [0.874585, 0.877081)	                   #	Count: 2 (2.77778%)	Total: 2 (2.77778%)
1741234360.0241275 [cartographer_node-3] [0.877081, 0.879577)	                    	Count: 1 (1.38889%)	Total: 3 (4.16667%)
1741234360.0242593 [cartographer_node-3] [0.879577, 0.882074)	                  ##	Count: 6 (8.33333%)	Total: 9 (12.5%)
1741234360.0244873 [cartographer_node-3] [0.882074, 0.884570)	                   #	Count: 3 (4.16667%)	Total: 12 (16.6667%)
1741234360.0247133 [cartographer_node-3] [0.884570, 0.887066)	                  ##	Count: 6 (8.33333%)	Total: 18 (25%)
1741234360.0249152 [cartographer_node-3] [INFO] [1741234359.994313954] [rclcpp]: signal_handler(signum=2)
1741234360.0250359 [cartographer_node-3] tal: 28 (38.8889%)
1741234360.0252943 [cartographer_node-3] [0.889562, 0.892058)	                 ###	Count: 12 (16.6667%)	Total: 40 (55.5556%)
1741234360.0254879 [cartographer_node-3] [0.892058, 0.894555)	                ####	Count: 14 (19.4444%)	Total: 54 (75%)
1741234360.0258100 [cartographer_node-3] [0.894555, 0.897051)	                 ###	Count: 10 (13.8889%)	Total: 64 (88.8889%)
1741234360.0259905 [cartographer_node-3] [0.897051, 0.899547]	                  ##	Count: 8 (11.1111%)	Total: 72 (100%)
1741234360.0633445 [cartographer_node-3] [INFO] [1741234360.058211528] [cartographer logger]: I20250306 13:12:40.-2147483648  6088 constraint_builder_2d.cc:290] 0 computations resulted in 0 additional constraints.
1741234360.0745564 [cartographer_node-3] [INFO] [1741234360.067118917] [cartographer logger]: I20250306 13:12:40.-2147483648  6088 constraint_builder_2d.cc:292] Score histogram:
1741234360.0750005 [cartographer_node-3] Count: 72  Min: 0.874585  Max: 0.899547  Mean: 0.890356
1741234360.0752265 [cartographer_node-3] [0.874585, 0.877081)	                   #	Count: 2 (2.77778%)	Total: 2 (2.77778%)
1741234360.0753350 [cartographer_node-3] [0.877081, 0.879577)	                    	Count: 1 (1.38889%)	Total: 3 (4.16667%)
1741234360.0754139 [cartographer_node-3] [0.879577, 0.882074)	                  ##	Count: 6 (8.33333%)	Total: 9 (12.5%)
1741234360.0754912 [cartographer_node-3] [0.882074, 0.884570)	                   #	Count: 3 (4.16667%)	Total: 12 (16.6667%)
1741234360.0755677 [cartographer_node-3] [0.884570, 0.887066)	                  ##	Count: 6 (8.33333%)	Total: 18 (25%)
1741234360.0799758 [cartographer_node-3] [0.887066, 0.889562)	                 ###	Count: 10 (13.8889%)	Total: 28 (38.8889%)
1741234360.0802314 [cartographer_node-3] [0.889562, 0.892058)	                 ###	Count: 12 (16.6667%)	Total: 40 (55.5556%)
1741234360.0803342 [cartographer_node-3] [0.892058, 0.894555)	                ####	Count: 14 (19.4444%)	Total: 54 (75%)
1741234360.0805085 [cartographer_node-3] [0.894555, 0.897051)	                 ###	Count: 10 (13.8889%)	Total: 64 (88.8889%)
1741234360.0806065 [cartographer_node-3] [0.897051, 0.899547]	                  ##	Count: 8 (11.1111%)	Total: 72 (100%)
1741234360.0813456 [cartographer_node-3] [KOptimizing: Done.     
1741234360.1696138 [WARNING] [launch]: user interrupted with ctrl-c (SIGINT) again, ignoring...
1741234360.1740482 [cartographer_node-3] [INFO] [1741234360.170560195] [rclcpp]: signal_handler(signum=2)
1741234360.4995387 [INFO] [cartographer_node-3]: process has finished cleanly [pid 6058]
1741234362.6812325 [WARNING] [launch]: user interrupted with ctrl-c (SIGINT) again, ignoring...
1741234363.0124929 [WARNING] [launch]: user interrupted with ctrl-c (SIGINT) again, ignoring...
1741234430.1122284 [ERROR] [component_container_isolated-1]: process has died [pid 6056, exit code -6, cmd '/opt/ros/jazzy/lib/rclcpp_components/component_container_isolated --ros-args --log-level info --ros-args -r __node:=nav2_container -r __ns:=/ --params-file /home/pinky/pinky_violet/install/pinky_navigation/share/pinky_navigation/params/nav2_params.yaml --params-file /tmp/launch_params_90s0w4iy --params-file /tmp/launch_params_9lr2mp4s --params-file /tmp/launch_params_gc8xk4tj -r /tf:=tf -r /tf_static:=tf_static'].
