1738643721.7715330 [INFO] [launch]: All log files can be found below /home/pinky/.ros/log/2025-02-04-13-35-21-770207-raspi-4374
1738643721.7717299 [INFO] [launch]: Default logging verbosity is set to INFO
1738643722.1601284 [INFO] [robot_state_publisher-1]: process started with pid [4378]
1738643722.1605148 [INFO] [sllidar_node-2]: process started with pid [4379]
1738643722.1606708 [INFO] [icm20948_node-3]: process started with pid [4380]
1738643722.1607721 [INFO] [pinky_bringup-4]: process started with pid [4381]
1738643722.8011456 [icm20948_node-3] [INFO] [1738643722.800760047] [icm20948_node]: The Qwiic ICM20948 device isn't connected to the system. Please check your connection.
1738643722.8663070 [icm20948_node-3] Traceback (most recent call last):
1738643722.8664832 [icm20948_node-3]   File "/home/pinky/pinky_violet/install/ros2_icm20948/lib/ros2_icm20948/icm20948_node", line 33, in <module>
1738643722.8667619 [icm20948_node-3]     sys.exit(load_entry_point('ros2-icm20948==0.0.1', 'console_scripts', 'icm20948_node')())
1738643722.8668723 [icm20948_node-3]              ^^^^^^^^^^^^^^^^^^^^^^^^^^^^^^^^^^^^^^^^^^^^^^^^^^^^^^^^^^^^^^^^^^^^^^^^^^^^^^
1738643722.8669310 [icm20948_node-3]   File "/home/pinky/pinky_violet/install/ros2_icm20948/lib/python3.12/site-packages/ros2_icm20948/icm20948_node.py", line 77, in main
1738643722.8669794 [icm20948_node-3]     icm20948_node = ICM20948Node()
1738643722.8670230 [icm20948_node-3]                     ^^^^^^^^^^^^^^
1738643722.8670642 [icm20948_node-3]   File "/home/pinky/pinky_violet/install/ros2_icm20948/lib/python3.12/site-packages/ros2_icm20948/icm20948_node.py", line 35, in __init__
1738643722.8671057 [icm20948_node-3]     self.imu.begin()
1738643722.8671460 [icm20948_node-3]   File "/home/pinky/.local/lib/python3.12/site-packages/qwiic_icm20948.py", line 1029, in begin
1738643722.8673689 [icm20948_node-3]     self.setBank(0)
1738643722.8674510 [icm20948_node-3]   File "/home/pinky/.local/lib/python3.12/site-packages/qwiic_icm20948.py", line 364, in setBank
1738643722.8676350 [icm20948_node-3]     return self._i2c.writeByte(self.address, self.REG_BANK_SEL, bank)
1738643722.8677115 [icm20948_node-3]            ^^^^^^^^^^^^^^^^^^^^^^^^^^^^^^^^^^^^^^^^^^^^^^^^^^^^^^^^^^
1738643722.8677619 [icm20948_node-3]   File "/home/pinky/.local/lib/python3.12/site-packages/qwiic_i2c/linux_i2c.py", line 241, in writeByte
1738643722.8678472 [icm20948_node-3]     return self._i2cbus.write_byte_data(address, commandCode, value)
1738643722.8679059 [icm20948_node-3]            ^^^^^^^^^^^^^^^^^^^^^^^^^^^^^^^^^^^^^^^^^^^^^^^^^^^^^^^^^
1738643722.8679643 [icm20948_node-3]   File "/home/pinky/.local/lib/python3.12/site-packages/smbus2/smbus2.py", line 457, in write_byte_data
1738643722.8680112 [icm20948_node-3]     ioctl(self.fd, I2C_SMBUS, msg)
1738643722.8680570 [icm20948_node-3] OSError: [Errno 121] Remote I/O error
1738643722.8740833 [pinky_bringup-4] [INFO] [1738643722.873695801] [pinky_bringup]: pinky is ready!!
1738643723.0888979 [ERROR] [icm20948_node-3]: process has died [pid 4380, exit code 1, cmd '/home/pinky/pinky_violet/install/ros2_icm20948/lib/ros2_icm20948/icm20948_node --ros-args -r __node:=icm20948_node --params-file /tmp/launch_params_zaqnk4qm --params-file /tmp/launch_params_7ascicmd --params-file /tmp/launch_params_uljltskf'].
1738643758.8253624 [WARNING] [launch]: user interrupted with ctrl-c (SIGINT)
1738643758.9431129 [INFO] [robot_state_publisher-1]: process has finished cleanly [pid 4378]
1738643758.9895458 [pinky_bringup-4] Traceback (most recent call last):
1738643758.9897385 [pinky_bringup-4]   File "/home/pinky/pinky_violet/install/pinky_bringup/lib/pinky_bringup/pinky_bringup", line 33, in <module>
1738643758.9901619 [pinky_bringup-4]     sys.exit(load_entry_point('pinky-bringup==0.0.0', 'console_scripts', 'pinky_bringup')())
1738643758.9903045 [pinky_bringup-4]              ^^^^^^^^^^^^^^^^^^^^^^^^^^^^^^^^^^^^^^^^^^^^^^^^^^^^^^^^^^^^^^^^^^^^^^^^^^^^^^
1738643758.9903698 [pinky_bringup-4]   File "/home/pinky/pinky_violet/install/pinky_bringup/lib/python3.12/site-packages/pinky_bringup/pinky_bringup.py", line 99, in main
1738643758.9904501 [pinky_bringup-4]     rclpy.shutdown()
1738643758.9905043 [pinky_bringup-4]   File "/opt/ros/jazzy/lib/python3.12/site-packages/rclpy/__init__.py", line 134, in shutdown
1738643758.9905493 [pinky_bringup-4]     _shutdown(context=context)
1738643758.9905913 [pinky_bringup-4]   File "/opt/ros/jazzy/lib/python3.12/site-packages/rclpy/utilities.py", line 82, in shutdown
1738643758.9906325 [pinky_bringup-4]     context.shutdown()
1738643758.9906743 [pinky_bringup-4]   File "/opt/ros/jazzy/lib/python3.12/site-packages/rclpy/context.py", line 129, in shutdown
1738643758.9907146 [pinky_bringup-4]     self.__context.shutdown()
1738643758.9909749 [pinky_bringup-4] rclpy._rclpy_pybind11.RCLError: failed to shutdown: rcl_shutdown already called on the given context, at ./src/rcl/init.c:333
1738643759.0441618 [INFO] [sllidar_node-2]: process has finished cleanly [pid 4379]
1738643759.0462217 [WARNING] [launch]: user interrupted with ctrl-c (SIGINT) again, ignoring...
1738643759.0547233 [ERROR] [pinky_bringup-4]: process has died [pid 4381, exit code -2, cmd '/home/pinky/pinky_violet/install/pinky_bringup/lib/pinky_bringup/pinky_bringup --ros-args --params-file /tmp/launch_params_jq3sft9h'].
