1739877418.6397140 [INFO] [launch]: All log files can be found below /home/pinky/.ros/log/2025-02-18-20-16-58-638126-raspi-7593
1739877418.6399612 [INFO] [launch]: Default logging verbosity is set to INFO
1739877419.0410643 [INFO] [robot_state_publisher-1]: process started with pid [7597]
1739877419.0414646 [INFO] [sllidar_node-2]: process started with pid [7598]
1739877419.0417714 [INFO] [icm20948_node-3]: process started with pid [7599]
1739877419.0419478 [INFO] [pinky_bringup-4]: process started with pid [7600]
1739877419.0421090 [INFO] [pinky_battery_publiser-5]: process started with pid [7601]
1739877420.1483827 [pinky_bringup-4] [INFO] [1739877420.148096308] [pinky_bringup]: pinky is ready!!
1739877435.5373375 [WARNING] [launch]: user interrupted with ctrl-c (SIGINT)
1739877435.5450878 [icm20948_node-3] Traceback (most recent call last):
1739877435.5455875 [icm20948_node-3]   File "/home/pinky/pinky_violet/install/ros2_icm20948/lib/ros2_icm20948/icm20948_node", line 33, in <module>
1739877435.5458012 [icm20948_node-3]     sys.exit(load_entry_point('ros2-icm20948==0.0.1', 'console_scripts', 'icm20948_node')())
1739877435.5464430 [icm20948_node-3]              ^^^^^^^^^^^^^^^^^^^^^^^^^^^^^^^^^^^^^^^^^^^^^^^^^^^^^^^^^^^^^^^^^^^^^^^^^^^^^^
1739877435.5469112 [icm20948_node-3]   File "/home/pinky/pinky_violet/install/ros2_icm20948/lib/python3.12/site-packages/ros2_icm20948/icm20948_node.py", line 78, in main
1739877435.5474699 [icm20948_node-3]     rclpy.spin(icm20948_node)
1739877435.5478876 [icm20948_node-3]   File "/opt/ros/jazzy/lib/python3.12/site-packages/rclpy/__init__.py", line 244, in spin
1739877435.5487394 [icm20948_node-3]     executor.spin_once()
1739877435.5489852 [icm20948_node-3]   File "/opt/ros/jazzy/lib/python3.12/site-packages/rclpy/executors.py", line 827, in spin_once
1739877435.5491347 [icm20948_node-3]     self._spin_once_impl(timeout_sec)
1739877435.5492349 [icm20948_node-3]   File "/opt/ros/jazzy/lib/python3.12/site-packages/rclpy/executors.py", line 811, in _spin_once_impl
1739877435.5493279 [icm20948_node-3]     handler, entity, node = self.wait_for_ready_callbacks(
1739877435.5494032 [icm20948_node-3]                             ^^^^^^^^^^^^^^^^^^^^^^^^^^^^^^
1739877435.5494642 [icm20948_node-3]   File "/opt/ros/jazzy/lib/python3.12/site-packages/rclpy/executors.py", line 781, in wait_for_ready_callbacks
1739877435.5495319 [icm20948_node-3]     return next(self._cb_iter)
1739877435.5496852 [icm20948_node-3]            ^^^^^^^^^^^^^^^^^^^
1739877435.5497847 [icm20948_node-3]   File "/opt/ros/jazzy/lib/python3.12/site-packages/rclpy/executors.py", line 685, in _wait_for_ready_callbacks
1739877435.5498676 [icm20948_node-3]     wait_set.wait(timeout_nsec)
1739877435.5499623 [icm20948_node-3] KeyboardInterrupt
1739877435.6374249 [pinky_battery_publiser-5] Traceback (most recent call last):
1739877435.6377409 [pinky_battery_publiser-5]   File "/home/pinky/pinky_violet/install/pinky_bringup/lib/pinky_bringup/pinky_battery_publiser", line 33, in <module>
1739877435.6383183 [pinky_battery_publiser-5]     sys.exit(load_entry_point('pinky-bringup==0.0.0', 'console_scripts', 'pinky_battery_publiser')())
1739877435.6385412 [pinky_battery_publiser-5]              ^^^^^^^^^^^^^^^^^^^^^^^^^^^^^^^^^^^^^^^^^^^^^^^^^^^^^^^^^^^^^^^^^^^^^^^^^^^^^^^^^^^^^^^
1739877435.6387458 [pinky_battery_publiser-5]   File "/home/pinky/pinky_violet/install/pinky_bringup/lib/python3.12/site-packages/pinky_bringup/pinky_battery_publiser.py", line 38, in main
1739877435.6388395 [pinky_battery_publiser-5]     rclpy.shutdown()
1739877435.6389029 [pinky_battery_publiser-5]   File "/opt/ros/jazzy/lib/python3.12/site-packages/rclpy/__init__.py", line 134, in shutdown
1739877435.6389594 [pinky_battery_publiser-5]     _shutdown(context=context)
1739877435.6390164 [pinky_battery_publiser-5]   File "/opt/ros/jazzy/lib/python3.12/site-packages/rclpy/utilities.py", line 82, in shutdown
1739877435.6390691 [pinky_battery_publiser-5]     context.shutdown()
1739877435.6391165 [pinky_battery_publiser-5]   File "/opt/ros/jazzy/lib/python3.12/site-packages/rclpy/context.py", line 129, in shutdown
1739877435.6392143 [pinky_battery_publiser-5]     self.__context.shutdown()
1739877435.6392798 [pinky_battery_publiser-5] rclpy._rclpy_pybind11.RCLError: failed to shutdown: rcl_shutdown already called on the given context, at ./src/rcl/init.c:333
1739877435.6824341 [WARNING] [launch]: user interrupted with ctrl-c (SIGINT) again, ignoring...
1739877435.6862473 [INFO] [robot_state_publisher-1]: process has finished cleanly [pid 7597]
1739877435.6875722 [pinky_bringup-4] Traceback (most recent call last):
1739877435.6896875 [pinky_bringup-4]   File "/usr/lib/python3/dist-packages/RPi/GPIO/__init__.py", line 392, in _gpio_list
1739877435.6901894 [pinky_bringup-4]     return tuple(_to_gpio(int(channel)) for channel in chanlist)
1739877435.6916118 [pinky_bringup-4]                 ^^^^^^^^^^^^^^^^^^^^^^^^^^^^^^^^^^^^^^^^^^^^^^^^
1739877435.6921542 [pinky_bringup-4] TypeError: 'int' object is not iterable
1739877435.6924970 [pinky_bringup-4] 
1739877435.6934607 [pinky_bringup-4] During handling of the above exception, another exception occurred:
1739877435.6939332 [pinky_bringup-4] 
1739877435.6942415 [pinky_bringup-4] Traceback (most recent call last):
1739877435.6951954 [pinky_bringup-4]   File "/home/pinky/pinky_violet/install/pinky_bringup/lib/pinky_bringup/pinky_bringup", line 33, in <module>
1739877435.6957014 [pinky_bringup-4]     sys.exit(load_entry_point('pinky-bringup==0.0.0', 'console_scripts', 'pinky_bringup')())
1739877435.6960144 [pinky_bringup-4]              ^^^^^^^^^^^^^^^^^^^^^^^^^^^^^^^^^^^^^^^^^^^^^^^^^^^^^^^^^^^^^^^^^^^^^^^^^^^^^^
1739877435.6964192 [pinky_bringup-4]   File "/home/pinky/pinky_violet/install/pinky_bringup/lib/python3.12/site-packages/pinky_bringup/pinky_bringup.py", line 83, in main
1739877435.6965501 [pinky_bringup-4]     pinky_bringup_node.destroy_node()
1739877435.6967945 [pinky_bringup-4]   File "/home/pinky/pinky_violet/install/pinky_bringup/lib/python3.12/site-packages/pinky_bringup/pinky_bringup.py", line 69, in destroy_node
1739877435.6969178 [pinky_bringup-4]     self.pinky.disable_motor()
1739877435.6970260 [pinky_bringup-4]   File "/home/pinky/pinky_violet/install/pinky_bringup/lib/python3.12/site-packages/pinky_bringup/pinkylib.py", line 114, in disable_motor
1739877435.6981857 [pinky_bringup-4]     GPIO.output(STBY, GPIO.LOW)
1739877435.6984038 [pinky_bringup-4]   File "/usr/lib/python3/dist-packages/RPi/GPIO/__init__.py", line 717, in output
1739877435.6985023 [pinky_bringup-4]     gpios = _gpio_list(channel)
1739877435.6985562 [pinky_bringup-4]             ^^^^^^^^^^^^^^^^^^^
1739877435.6986618 [pinky_bringup-4]   File "/usr/lib/python3/dist-packages/RPi/GPIO/__init__.py", line 395, in _gpio_list
1739877435.6987216 [pinky_bringup-4]     return (_to_gpio(int(chanlist)),)
1739877435.6987693 [pinky_bringup-4]             ^^^^^^^^^^^^^^^^^^^^^^^
1739877435.6988149 [pinky_bringup-4]   File "/usr/lib/python3/dist-packages/RPi/GPIO/__init__.py", line 355, in _to_gpio
1739877435.6988633 [pinky_bringup-4]     raise RuntimeError(
1739877435.6989145 [pinky_bringup-4] RuntimeError: Please set pin numbering mode using GPIO.setmode(GPIO.BOARD) or GPIO.setmode(GPIO.BCM)
1739877435.6989689 [pinky_bringup-4] Error in sys.excepthook:
1739877435.6990249 [pinky_bringup-4] Traceback (most recent call last):
1739877435.6990759 [pinky_bringup-4]   File "/usr/lib/python3/dist-packages/apport_python_hook.py", line 228, in partial_apport_excepthook
1739877435.6991305 [pinky_bringup-4]     return apport_excepthook(binary, exc_type, exc_obj, exc_tb)
1739877435.6991930 [pinky_bringup-4]            ^^^^^^^^^^^^^^^^^^^^^^^^^^^^^^^^^^^^^^^^^^^^^^^^^^^^
1739877435.6992459 [pinky_bringup-4]   File "/usr/lib/python3/dist-packages/apport_python_hook.py", line 66, in apport_excepthook
1739877435.6992948 [pinky_bringup-4]     import apport.report
1739877435.6993454 [pinky_bringup-4]   File "/usr/lib/python3/dist-packages/apport/__init__.py", line 7, in <module>
1739877435.6993995 [pinky_bringup-4]     from apport.packaging_impl import impl as packaging
1739877435.6994498 [pinky_bringup-4]   File "/usr/lib/python3/dist-packages/apport/packaging_impl/__init__.py", line 33, in <module>
1739877435.6995184 [pinky_bringup-4]     impl = load_packaging_implementation()
1739877435.6995711 [pinky_bringup-4]            ^^^^^^^^^^^^^^^^^^^^^^^^^^^^^^^
1739877435.6996365 [pinky_bringup-4]   File "/usr/lib/python3/dist-packages/apport/packaging_impl/__init__.py", line 27, in load_packaging_implementation
1739877435.6996858 [pinky_bringup-4]     module = importlib.import_module(
1739877435.6997311 [pinky_bringup-4]              ^^^^^^^^^^^^^^^^^^^^^^^^
1739877435.6997807 [pinky_bringup-4]   File "/usr/lib/python3.12/importlib/__init__.py", line 90, in import_module
1739877435.6998372 [pinky_bringup-4]     return _bootstrap._gcd_import(name[level:], package, level)
1739877435.6998990 [pinky_bringup-4]            ^^^^^^^^^^^^^^^^^^^^^^^^^^^^^^^^^^^^^^^^^^^^^^^^^^^^
1739877435.6999621 [pinky_bringup-4]   File "/usr/lib/python3/dist-packages/apport/packaging_impl/apt_dpkg.py", line 31, in <module>
1739877435.7000282 [pinky_bringup-4]     import http.client
1739877435.7000842 [pinky_bringup-4]   File "/usr/lib/python3.12/http/client.py", line 1448, in <module>
1739877435.7003980 [ERROR] [pinky_battery_publiser-5]: process has died [pid 7601, exit code -2, cmd '/home/pinky/pinky_violet/install/pinky_bringup/lib/pinky_bringup/pinky_battery_publiser --ros-args'].
1739877435.7006767 [ERROR] [icm20948_node-3]: process has died [pid 7599, exit code -2, cmd '/home/pinky/pinky_violet/install/ros2_icm20948/lib/ros2_icm20948/icm20948_node --ros-args -r __node:=icm20948_node --params-file /tmp/launch_params_mxcemheo --params-file /tmp/launch_params_2b06rxe4 --params-file /tmp/launch_params_900y4y6w'].
1739877435.7013288 [pinky_bringup-4]     import ssl
1739877435.7014995 [pinky_bringup-4]   File "/usr/lib/python3.12/ssl.py", line 143, in <module>
1739877435.7016671 [pinky_bringup-4]     _IntFlag._convert_(
1739877435.7017953 [pinky_bringup-4]   File "/usr/lib/python3.12/enum.py", line 949, in _convert_
1739877435.7025254 [pinky_bringup-4]     cls = _simple_enum(etype=cls, boundary=boundary or KEEP)(tmp_cls)
1739877435.7028301 [pinky_bringup-4]           ^^^^^^^^^^^^^^^^^^^^^^^^^^^^^^^^^^^^^^^^^^^^^^^^^^^^^^^^^^^
1739877435.7029083 [pinky_bringup-4]   File "/usr/lib/python3.12/enum.py", line 1758, in convert_class
1739877435.7032504 [pinky_bringup-4]     enum_class = type(cls_name, (etype, ), body, boundary=boundary, _simple=True)
1739877435.7034676 [pinky_bringup-4]                  ^^^^^^^^^^^^^^^^^^^^^^^^^^^^^^^^^^^^^^^^^^^^^^^^^^^^^^^^^^^^^^^^
1739877435.7035449 [pinky_bringup-4]   File "/usr/lib/python3.12/enum.py", line 535, in __new__
1739877435.7037616 [pinky_bringup-4]     return super().__new__(metacls, cls, bases, classdict, **kwds)
1739877435.7038393 [pinky_bringup-4]            ^^^^^^^^^^^^^^^^^^^^^^^^^^^^^^^^^^^^^^^^^^^^^^^^^^^^^^^
1739877435.7038898 [pinky_bringup-4] KeyboardInterrupt
1739877435.7039363 [pinky_bringup-4] 
1739877435.7039800 [pinky_bringup-4] Original exception was:
1739877435.7040238 [pinky_bringup-4] Traceback (most recent call last):
1739877435.7040668 [pinky_bringup-4]   File "/usr/lib/python3/dist-packages/RPi/GPIO/__init__.py", line 392, in _gpio_list
1739877435.7041111 [pinky_bringup-4]     return tuple(_to_gpio(int(channel)) for channel in chanlist)
1739877435.7043204 [pinky_bringup-4]                 ^^^^^^^^^^^^^^^^^^^^^^^^^^^^^^^^^^^^^^^^^^^^^^^^
1739877435.7043989 [pinky_bringup-4] TypeError: 'int' object is not iterable
1739877435.7044513 [pinky_bringup-4] 
1739877435.7044971 [pinky_bringup-4] During handling of the above exception, another exception occurred:
1739877435.7045441 [pinky_bringup-4] 
1739877435.7046108 [pinky_bringup-4] Traceback (most recent call last):
1739877435.7046669 [pinky_bringup-4]   File "/home/pinky/pinky_violet/install/pinky_bringup/lib/pinky_bringup/pinky_bringup", line 33, in <module>
1739877435.7048609 [pinky_bringup-4]     sys.exit(load_entry_point('pinky-bringup==0.0.0', 'console_scripts', 'pinky_bringup')())
1739877435.7049837 [pinky_bringup-4]              ^^^^^^^^^^^^^^^^^^^^^^^^^^^^^^^^^^^^^^^^^^^^^^^^^^^^^^^^^^^^^^^^^^^^^^^^^^^^^^
1739877435.7051048 [pinky_bringup-4]   File "/home/pinky/pinky_violet/install/pinky_bringup/lib/python3.12/site-packages/pinky_bringup/pinky_bringup.py", line 83, in main
1739877435.7051809 [pinky_bringup-4]     pinky_bringup_node.destroy_node()
1739877435.7052386 [pinky_bringup-4]   File "/home/pinky/pinky_violet/install/pinky_bringup/lib/python3.12/site-packages/pinky_bringup/pinky_bringup.py", line 69, in destroy_node
1739877435.7053065 [pinky_bringup-4]     self.pinky.disable_motor()
1739877435.7053728 [pinky_bringup-4]   File "/home/pinky/pinky_violet/install/pinky_bringup/lib/python3.12/site-packages/pinky_bringup/pinkylib.py", line 114, in disable_motor
1739877435.7054284 [pinky_bringup-4]     GPIO.output(STBY, GPIO.LOW)
1739877435.7054791 [pinky_bringup-4]   File "/usr/lib/python3/dist-packages/RPi/GPIO/__init__.py", line 717, in output
1739877435.7055285 [pinky_bringup-4]     gpios = _gpio_list(channel)
1739877435.7063119 [pinky_bringup-4]             ^^^^^^^^^^^^^^^^^^^
1739877435.7064960 [pinky_bringup-4]   File "/usr/lib/python3/dist-packages/RPi/GPIO/__init__.py", line 395, in _gpio_list
1739877435.7066021 [pinky_bringup-4]     return (_to_gpio(int(chanlist)),)
1739877435.7067032 [pinky_bringup-4]             ^^^^^^^^^^^^^^^^^^^^^^^
1739877435.7069926 [pinky_bringup-4]   File "/usr/lib/python3/dist-packages/RPi/GPIO/__init__.py", line 355, in _to_gpio
1739877435.7071311 [pinky_bringup-4]     raise RuntimeError(
1739877435.7072389 [pinky_bringup-4] RuntimeError: Please set pin numbering mode using GPIO.setmode(GPIO.BOARD) or GPIO.setmode(GPIO.BCM)
1739877435.7549086 [pinky_bringup-4] Exception ignored in: <function PWM.__del__ at 0xffffac3ce200>
1739877435.7551391 [pinky_bringup-4] Traceback (most recent call last):
1739877435.7552764 [pinky_bringup-4]   File "/usr/lib/python3/dist-packages/RPi/GPIO/__init__.py", line 178, in __del__
1739877435.7556894 [pinky_bringup-4]   File "/usr/lib/python3/dist-packages/RPi/GPIO/__init__.py", line 201, in stop
1739877435.7558100 [pinky_bringup-4]   File "/usr/lib/python3/dist-packages/lgpio.py", line 1084, in tx_pwm
1739877435.7558846 [pinky_bringup-4] TypeError: unsupported operand type(s) for &: 'NoneType' and 'int'
1739877435.7559404 [pinky_bringup-4] Exception ignored in: <function PWM.__del__ at 0xffffac3ce200>
1739877435.7559907 [pinky_bringup-4] Traceback (most recent call last):
1739877435.7560377 [pinky_bringup-4]   File "/usr/lib/python3/dist-packages/RPi/GPIO/__init__.py", line 178, in __del__
1739877435.7560816 [pinky_bringup-4]   File "/usr/lib/python3/dist-packages/RPi/GPIO/__init__.py", line 201, in stop
1739877435.7561245 [pinky_bringup-4]   File "/usr/lib/python3/dist-packages/lgpio.py", line 1084, in tx_pwm
1739877435.7561677 [pinky_bringup-4] TypeError: unsupported operand type(s) for &: 'NoneType' and 'int'
1739877435.8088126 [INFO] [sllidar_node-2]: process has finished cleanly [pid 7598]
1739877435.8243334 [WARNING] [launch]: user interrupted with ctrl-c (SIGINT) again, ignoring...
1739877435.8333683 [ERROR] [pinky_bringup-4]: process has died [pid 7600, exit code -2, cmd '/home/pinky/pinky_violet/install/pinky_bringup/lib/pinky_bringup/pinky_bringup --ros-args --params-file /tmp/launch_params_1g7eadgd'].
